<?xml version="1.0" encoding="UTF-8"?>
<testsuite xmlns:xsi="http://www.w3.org/2001/XMLSchema-instance" xsi:noNamespaceSchemaLocation="https://maven.apache.org/surefire/maven-surefire-plugin/xsd/surefire-test-report-3.0.xsd" version="3.0" name="Tests.AccepanceTests" time="0.718" tests="58" errors="0" skipped="0" failures="0">
  <properties>
[...]
</properties>
  <testcase name="userLacksPermission" classname="Tests.AccepanceTests" time="0.508">
    <system-err><![CDATA[Mockito is currently self-attaching to enable the inline-mock-maker. This will no longer work in future releases of the JDK. Please add Mockito as an agent to your build as described in Mockito's documentation: https://javadoc.io/doc/org.mockito/mockito-core/latest/org.mockito/org/mockito/Mockito.html#0.3
WARNING: A Java agent has been loaded dynamically (/Users/afekcohen/.m2/repository/net/bytebuddy/byte-buddy-agent/1.14.12/byte-buddy-agent-1.14.12.jar)
WARNING: If a serviceability tool is in use, please run with -XX:+EnableDynamicAgentLoading to hide this warning
WARNING: If a serviceability tool is not in use, please run with -Djdk.instrument.traceUsage for more information
WARNING: Dynamic loading of agents will be disallowed by default in a future release
מאי 02, 2025 1:17:57 לפנה״צ Service.UserService enterToSystem
INFO: User entered the system
מאי 02, 2025 1:17:57 לפנה״צ Service.UserService loginUser
INFO: User logged in successfully with session token: eyJhbGciOiJIUzI1NiJ9.eyJzdWIiOiIwIiwiZXhwIjoxNzQ2MjI0Mjc3LCJpYXQiOjE3NDYxMzc4Nzd9.QGZIvABLu97bk3_mu_81DCt-zGVU_eHgl9MaKNIrAdY
מאי 02, 2025 1:17:57 לפנה״צ Service.ShopService createShop
INFO: Shop created: MyShop by user: 0
מאי 02, 2025 1:17:57 לפנה״צ Service.ShopService addItemToShop
INFO: Item added to shop: Apple in shop: MyShop by user: 0
מאי 02, 2025 1:17:57 לפנה״צ Service.ShopService addItemToShop
INFO: Item added to shop: Banana in shop: MyShop by user: 0
מאי 02, 2025 1:17:57 לפנה״צ Service.ShopService addItemToShop
INFO: Item added to shop: Laptop in shop: MyShop by user: 0
מאי 02, 2025 1:17:57 לפנה״צ Service.ShopService getShopInfo
INFO: Shop info retrieved: MyShop by user: eyJhbGciOiJIUzI1NiJ9.eyJzdWIiOiIwIiwiZXhwIjoxNzQ2MjI0Mjc3LCJpYXQiOjE3NDYxMzc4Nzd9.QGZIvABLu97bk3_mu_81DCt-zGVU_eHgl9MaKNIrAdY
מאי 02, 2025 1:17:57 לפנה״צ Service.ShopService changeItemQuantityInShop
INFO: Item quantity changed in shop: 0 in shop: MyShop by user: 0
מאי 02, 2025 1:17:57 לפנה״צ Service.ShopService changeItemQuantityInShop
INFO: Item quantity changed in shop: 1 in shop: MyShop by user: 0
מאי 02, 2025 1:17:57 לפנה״צ Service.ShopService changeItemQuantityInShop
INFO: Item quantity changed in shop: 2 in shop: MyShop by user: 0
מאי 02, 2025 1:17:57 לפנה״צ Service.ShopService getShopInfo
INFO: Shop info retrieved: MyShop by user: eyJhbGciOiJIUzI1NiJ9.eyJzdWIiOiIwIiwiZXhwIjoxNzQ2MjI0Mjc3LCJpYXQiOjE3NDYxMzc4Nzd9.QGZIvABLu97bk3_mu_81DCt-zGVU_eHgl9MaKNIrAdY
מאי 02, 2025 1:17:57 לפנה״צ Service.UserService enterToSystem
INFO: User entered the system
מאי 02, 2025 1:17:57 לפנה״צ Service.UserService loginUser
INFO: User logged in successfully with session token: eyJhbGciOiJIUzI1NiJ9.eyJzdWIiOiIxIiwiZXhwIjoxNzQ2MjI0Mjc3LCJpYXQiOjE3NDYxMzc4Nzd9.SQoyfTndWUn8Ah1AoXJcwHsrpgC-9tVGcs3ZWYeYTtM
מאי 02, 2025 1:17:57 לפנה״צ Service.ShopService addShopManager
INFO: Shop manager added: mgr2 in shop: MyShop by user: 0
מאי 02, 2025 1:17:57 לפנה״צ Service.ShopService getMembersPermissions
SEVERE: Error retrieving members permissions: You don't have permission to view members permissions
]]></system-err>
  </testcase>
  <testcase name="failedGuestRegister" classname="Tests.AccepanceTests" time="0.002">
    <system-err><![CDATA[מאי 02, 2025 1:17:57 לפנה״צ Service.UserService enterToSystem
INFO: User entered the system
מאי 02, 2025 1:17:57 לפנה״צ Service.UserService enterToSystem
INFO: User entered the system
מאי 02, 2025 1:17:57 לפנה״צ Service.UserService registerUser
SEVERE: Error registering user: Username already exists
]]></system-err>
  </testcase>
  <testcase name="concurrentRemoveAndPurchase" classname="Tests.AccepanceTests" time="0.015">
    <system-err><![CDATA[מאי 02, 2025 1:17:57 לפנה״צ Service.UserService enterToSystem
INFO: User entered the system
מאי 02, 2025 1:17:57 לפנה״צ Service.UserService loginUser
INFO: User logged in successfully with session token: eyJhbGciOiJIUzI1NiJ9.eyJzdWIiOiIwIiwiZXhwIjoxNzQ2MjI0Mjc3LCJpYXQiOjE3NDYxMzc4Nzd9.hr4qsFUE3vrfMU6TlWBjPNKDYJvQPWvYUpYpSFPZZH8
מאי 02, 2025 1:17:57 לפנה״צ Service.ShopService createShop
INFO: Shop created: MyShop by user: 0
מאי 02, 2025 1:17:57 לפנה״צ Service.ShopService addItemToShop
INFO: Item added to shop: Apple in shop: MyShop by user: 0
מאי 02, 2025 1:17:57 לפנה״צ Service.ShopService addItemToShop
INFO: Item added to shop: Banana in shop: MyShop by user: 0
מאי 02, 2025 1:17:57 לפנה״צ Service.ShopService addItemToShop
INFO: Item added to shop: Laptop in shop: MyShop by user: 0
מאי 02, 2025 1:17:57 לפנה״צ Service.ShopService getShopInfo
INFO: Shop info retrieved: MyShop by user: eyJhbGciOiJIUzI1NiJ9.eyJzdWIiOiIwIiwiZXhwIjoxNzQ2MjI0Mjc3LCJpYXQiOjE3NDYxMzc4Nzd9.hr4qsFUE3vrfMU6TlWBjPNKDYJvQPWvYUpYpSFPZZH8
מאי 02, 2025 1:17:57 לפנה״צ Service.ShopService changeItemQuantityInShop
INFO: Item quantity changed in shop: 0 in shop: MyShop by user: 0
מאי 02, 2025 1:17:57 לפנה״צ Service.ShopService changeItemQuantityInShop
INFO: Item quantity changed in shop: 1 in shop: MyShop by user: 0
מאי 02, 2025 1:17:57 לפנה״צ Service.ShopService changeItemQuantityInShop
INFO: Item quantity changed in shop: 2 in shop: MyShop by user: 0
מאי 02, 2025 1:17:57 לפנה״צ Service.ShopService getShopInfo
INFO: Shop info retrieved: MyShop by user: eyJhbGciOiJIUzI1NiJ9.eyJzdWIiOiIwIiwiZXhwIjoxNzQ2MjI0Mjc3LCJpYXQiOjE3NDYxMzc4Nzd9.hr4qsFUE3vrfMU6TlWBjPNKDYJvQPWvYUpYpSFPZZH8
מאי 02, 2025 1:17:57 לפנה״צ Service.ShopService changeItemQuantityInShop
INFO: Item quantity changed in shop: 0 in shop: MyShop by user: 0
מאי 02, 2025 1:17:57 לפנה״צ Service.UserService enterToSystem
INFO: User entered the system
מאי 02, 2025 1:17:57 לפנה״צ Service.OrderService addItemsToCart
INFO: Items added to cart successfully
מאי 02, 2025 1:17:57 לפנה״צ Service.ShopService removeItemFromShop
INFO: Item removed from shop: 0 in shop: MyShop by user: 0
מאי 02, 2025 1:17:57 לפנה״צ Service.OrderService buyCartContent
SEVERE: Error buying cart content: Payment details invalid
]]></system-err>
  </testcase>
  <testcase name="successfulEditProduct" classname="Tests.AccepanceTests" time="0.008">
    <system-err><![CDATA[מאי 02, 2025 1:17:57 לפנה״צ Service.UserService enterToSystem
INFO: User entered the system
מאי 02, 2025 1:17:57 לפנה״צ Service.UserService loginUser
INFO: User logged in successfully with session token: eyJhbGciOiJIUzI1NiJ9.eyJzdWIiOiIwIiwiZXhwIjoxNzQ2MjI0Mjc3LCJpYXQiOjE3NDYxMzc4Nzd9.NTsOmeyYdxzqIRu0-3X39FXQ3nAh_m1cvQstKt29KEc
מאי 02, 2025 1:17:57 לפנה״צ Service.ShopService createShop
INFO: Shop created: MyShop by user: 0
מאי 02, 2025 1:17:57 לפנה״צ Service.ShopService addItemToShop
INFO: Item added to shop: Apple in shop: MyShop by user: 0
מאי 02, 2025 1:17:57 לפנה״צ Service.ShopService addItemToShop
INFO: Item added to shop: Banana in shop: MyShop by user: 0
מאי 02, 2025 1:17:57 לפנה״צ Service.ShopService addItemToShop
INFO: Item added to shop: Laptop in shop: MyShop by user: 0
מאי 02, 2025 1:17:57 לפנה״צ Service.ShopService getShopInfo
INFO: Shop info retrieved: MyShop by user: eyJhbGciOiJIUzI1NiJ9.eyJzdWIiOiIwIiwiZXhwIjoxNzQ2MjI0Mjc3LCJpYXQiOjE3NDYxMzc4Nzd9.NTsOmeyYdxzqIRu0-3X39FXQ3nAh_m1cvQstKt29KEc
מאי 02, 2025 1:17:57 לפנה״צ Service.ShopService changeItemQuantityInShop
INFO: Item quantity changed in shop: 0 in shop: MyShop by user: 0
מאי 02, 2025 1:17:57 לפנה״צ Service.ShopService changeItemQuantityInShop
INFO: Item quantity changed in shop: 1 in shop: MyShop by user: 0
מאי 02, 2025 1:17:57 לפנה״צ Service.ShopService changeItemQuantityInShop
INFO: Item quantity changed in shop: 2 in shop: MyShop by user: 0
מאי 02, 2025 1:17:57 לפנה״צ Service.ShopService getShopInfo
INFO: Shop info retrieved: MyShop by user: eyJhbGciOiJIUzI1NiJ9.eyJzdWIiOiIwIiwiZXhwIjoxNzQ2MjI0Mjc3LCJpYXQiOjE3NDYxMzc4Nzd9.NTsOmeyYdxzqIRu0-3X39FXQ3nAh_m1cvQstKt29KEc
מאי 02, 2025 1:17:57 לפנה״צ Service.UserService enterToSystem
INFO: User entered the system
מאי 02, 2025 1:17:57 לפנה״צ Service.UserService loginUser
INFO: User logged in successfully with session token: eyJhbGciOiJIUzI1NiJ9.eyJzdWIiOiIxIiwiZXhwIjoxNzQ2MjI0Mjc3LCJpYXQiOjE3NDYxMzc4Nzd9.zzXREKGuBhivctiZnqbDh3JZup7ZQVVtgZw1XLKkCBo
מאי 02, 2025 1:17:57 לפנה״צ Service.ShopService addShopManager
INFO: Shop manager added: mgr in shop: MyShop by user: 0
מאי 02, 2025 1:17:57 לפנה״צ Service.ShopService addShopManagerPermission
INFO: Shop manager permission added: mgr in shop: MyShop by user: 0
מאי 02, 2025 1:17:57 לפנה״צ Service.ShopService changeItemQuantityInShop
INFO: Item quantity changed in shop: 0 in shop: MyShop by user: 1
]]></system-err>
  </testcase>
  <testcase name="removeAllApointeesTest" classname="Tests.AccepanceTests" time="0.012">
    <system-err><![CDATA[מאי 02, 2025 1:17:57 לפנה״צ Service.UserService enterToSystem
INFO: User entered the system
מאי 02, 2025 1:17:57 לפנה״צ Service.UserService loginUser
INFO: User logged in successfully with session token: eyJhbGciOiJIUzI1NiJ9.eyJzdWIiOiIwIiwiZXhwIjoxNzQ2MjI0Mjc3LCJpYXQiOjE3NDYxMzc4Nzd9.y47iUobrNnQQf5BlPzt1fCyJIyP5ERpOOdCVwTxNUck
מאי 02, 2025 1:17:57 לפנה״צ Service.ShopService createShop
INFO: Shop created: MyShop by user: 0
מאי 02, 2025 1:17:57 לפנה״צ Service.ShopService addItemToShop
INFO: Item added to shop: Apple in shop: MyShop by user: 0
מאי 02, 2025 1:17:57 לפנה״צ Service.ShopService addItemToShop
INFO: Item added to shop: Banana in shop: MyShop by user: 0
מאי 02, 2025 1:17:57 לפנה״צ Service.ShopService addItemToShop
INFO: Item added to shop: Laptop in shop: MyShop by user: 0
מאי 02, 2025 1:17:57 לפנה״צ Service.ShopService getShopInfo
INFO: Shop info retrieved: MyShop by user: eyJhbGciOiJIUzI1NiJ9.eyJzdWIiOiIwIiwiZXhwIjoxNzQ2MjI0Mjc3LCJpYXQiOjE3NDYxMzc4Nzd9.y47iUobrNnQQf5BlPzt1fCyJIyP5ERpOOdCVwTxNUck
מאי 02, 2025 1:17:57 לפנה״צ Service.ShopService changeItemQuantityInShop
INFO: Item quantity changed in shop: 0 in shop: MyShop by user: 0
מאי 02, 2025 1:17:57 לפנה״צ Service.ShopService changeItemQuantityInShop
INFO: Item quantity changed in shop: 1 in shop: MyShop by user: 0
מאי 02, 2025 1:17:57 לפנה״צ Service.ShopService changeItemQuantityInShop
INFO: Item quantity changed in shop: 2 in shop: MyShop by user: 0
מאי 02, 2025 1:17:57 לפנה״צ Service.ShopService getShopInfo
INFO: Shop info retrieved: MyShop by user: eyJhbGciOiJIUzI1NiJ9.eyJzdWIiOiIwIiwiZXhwIjoxNzQ2MjI0Mjc3LCJpYXQiOjE3NDYxMzc4Nzd9.y47iUobrNnQQf5BlPzt1fCyJIyP5ERpOOdCVwTxNUck
מאי 02, 2025 1:17:57 לפנה״צ Service.UserService enterToSystem
INFO: User entered the system
מאי 02, 2025 1:17:57 לפנה״צ Service.UserService loginUser
INFO: User logged in successfully with session token: eyJhbGciOiJIUzI1NiJ9.eyJzdWIiOiIxIiwiZXhwIjoxNzQ2MjI0Mjc3LCJpYXQiOjE3NDYxMzc4Nzd9.zGwfmGi4ERLWX4znd-OBWTQ86J8M_6_x1rPU3J4yUN0
מאי 02, 2025 1:17:57 לפנה״צ Service.ShopService addShopManager
INFO: Shop manager added: manager in shop: MyShop by user: 0
מאי 02, 2025 1:17:57 לפנה״צ Service.UserService enterToSystem
INFO: User entered the system
מאי 02, 2025 1:17:57 לפנה״צ Service.UserService loginUser
INFO: User logged in successfully with session token: eyJhbGciOiJIUzI1NiJ9.eyJzdWIiOiIyIiwiZXhwIjoxNzQ2MjI0Mjc3LCJpYXQiOjE3NDYxMzc4Nzd9.36Tdqkq7UR9FpO5zpFI7gHtbiN0uPjIyB8Z70O9Qj7g
מאי 02, 2025 1:17:57 לפנה״צ Service.ShopService addShopManager
INFO: Shop manager added: User in shop: MyShop by user: 1
מאי 02, 2025 1:17:57 לפנה״צ Service.UserService enterToSystem
INFO: User entered the system
מאי 02, 2025 1:17:57 לפנה״צ Service.UserService loginUser
INFO: User logged in successfully with session token: eyJhbGciOiJIUzI1NiJ9.eyJzdWIiOiIzIiwiZXhwIjoxNzQ2MjI0Mjc3LCJpYXQiOjE3NDYxMzc4Nzd9.B92q9pu8XqSIJf0V73mKu2e0R5DaLB-nqnx1BBBDoSw
מאי 02, 2025 1:17:57 לפנה״צ Service.ShopService addShopManager
INFO: Shop manager added: User2 in shop: MyShop by user: 2
מאי 02, 2025 1:17:57 לפנה״צ Service.UserService enterToSystem
INFO: User entered the system
מאי 02, 2025 1:17:57 לפנה״צ Service.UserService loginUser
INFO: User logged in successfully with session token: eyJhbGciOiJIUzI1NiJ9.eyJzdWIiOiI0IiwiZXhwIjoxNzQ2MjI0Mjc3LCJpYXQiOjE3NDYxMzc4Nzd9.kjXXd8k96LO3g9UFnsTYza_V3k1ZCXDe2cmS30Lwgxc
מאי 02, 2025 1:17:57 לפנה״צ Service.ShopService addShopManager
SEVERE: Error adding shop manager: User has no role in ShopId: 0
]]></system-err>
  </testcase>
  <testcase name="userLacksPermissionOnPurchasePolicy" classname="Tests.AccepanceTests" time="0.006">
    <system-err><![CDATA[מאי 02, 2025 1:17:57 לפנה״צ Service.UserService enterToSystem
INFO: User entered the system
מאי 02, 2025 1:17:57 לפנה״צ Service.UserService loginUser
INFO: User logged in successfully with session token: eyJhbGciOiJIUzI1NiJ9.eyJzdWIiOiIwIiwiZXhwIjoxNzQ2MjI0Mjc3LCJpYXQiOjE3NDYxMzc4Nzd9.HteodHPtbqrvp1x2b9SNp4jZ04VinVscZf37-eeL3ig
מאי 02, 2025 1:17:57 לפנה״צ Service.ShopService createShop
INFO: Shop created: MyShop by user: 0
מאי 02, 2025 1:17:57 לפנה״צ Service.ShopService addItemToShop
INFO: Item added to shop: Apple in shop: MyShop by user: 0
מאי 02, 2025 1:17:57 לפנה״צ Service.ShopService addItemToShop
INFO: Item added to shop: Banana in shop: MyShop by user: 0
מאי 02, 2025 1:17:57 לפנה״צ Service.ShopService addItemToShop
INFO: Item added to shop: Laptop in shop: MyShop by user: 0
מאי 02, 2025 1:17:57 לפנה״צ Service.ShopService getShopInfo
INFO: Shop info retrieved: MyShop by user: eyJhbGciOiJIUzI1NiJ9.eyJzdWIiOiIwIiwiZXhwIjoxNzQ2MjI0Mjc3LCJpYXQiOjE3NDYxMzc4Nzd9.HteodHPtbqrvp1x2b9SNp4jZ04VinVscZf37-eeL3ig
מאי 02, 2025 1:17:57 לפנה״צ Service.ShopService changeItemQuantityInShop
INFO: Item quantity changed in shop: 0 in shop: MyShop by user: 0
מאי 02, 2025 1:17:57 לפנה״צ Service.ShopService changeItemQuantityInShop
INFO: Item quantity changed in shop: 1 in shop: MyShop by user: 0
מאי 02, 2025 1:17:57 לפנה״צ Service.ShopService changeItemQuantityInShop
INFO: Item quantity changed in shop: 2 in shop: MyShop by user: 0
מאי 02, 2025 1:17:57 לפנה״צ Service.ShopService getShopInfo
INFO: Shop info retrieved: MyShop by user: eyJhbGciOiJIUzI1NiJ9.eyJzdWIiOiIwIiwiZXhwIjoxNzQ2MjI0Mjc3LCJpYXQiOjE3NDYxMzc4Nzd9.HteodHPtbqrvp1x2b9SNp4jZ04VinVscZf37-eeL3ig
מאי 02, 2025 1:17:57 לפנה״צ Service.UserService enterToSystem
INFO: User entered the system
מאי 02, 2025 1:17:57 לפנה״צ Service.UserService loginUser
INFO: User logged in successfully with session token: eyJhbGciOiJIUzI1NiJ9.eyJzdWIiOiIxIiwiZXhwIjoxNzQ2MjI0Mjc3LCJpYXQiOjE3NDYxMzc4Nzd9.40zM2HkrCa47vOad346eOTNRmexYFwBenZnzTOyWDIk
מאי 02, 2025 1:17:57 לפנה״צ Service.ShopService addShopManager
INFO: Shop manager added: mgrNoP in shop: MyShop by user: 0
מאי 02, 2025 1:17:57 לפנה״צ Service.ShopService updatePurchaseType
SEVERE: Error updating purchase type: You don't have permission to update purchase type
]]></system-err>
  </testcase>
  <testcase name="rateShopNotLoggedInTest" classname="Tests.AccepanceTests" time="0.011">
    <system-err><![CDATA[מאי 02, 2025 1:17:57 לפנה״צ Service.UserService enterToSystem
INFO: User entered the system
מאי 02, 2025 1:17:57 לפנה״צ Service.UserService loginUser
INFO: User logged in successfully with session token: eyJhbGciOiJIUzI1NiJ9.eyJzdWIiOiIwIiwiZXhwIjoxNzQ2MjI0Mjc3LCJpYXQiOjE3NDYxMzc4Nzd9.Xg8e57Ht5uCvX7gH6E0bCNMyz0cK_pSp4wjv162qLEk
מאי 02, 2025 1:17:57 לפנה״צ Service.ShopService createShop
INFO: Shop created: MyShop by user: 0
מאי 02, 2025 1:17:57 לפנה״צ Service.ShopService addItemToShop
INFO: Item added to shop: Apple in shop: MyShop by user: 0
מאי 02, 2025 1:17:57 לפנה״צ Service.ShopService addItemToShop
INFO: Item added to shop: Banana in shop: MyShop by user: 0
מאי 02, 2025 1:17:57 לפנה״צ Service.ShopService addItemToShop
INFO: Item added to shop: Laptop in shop: MyShop by user: 0
מאי 02, 2025 1:17:57 לפנה״צ Service.ShopService getShopInfo
INFO: Shop info retrieved: MyShop by user: eyJhbGciOiJIUzI1NiJ9.eyJzdWIiOiIwIiwiZXhwIjoxNzQ2MjI0Mjc3LCJpYXQiOjE3NDYxMzc4Nzd9.Xg8e57Ht5uCvX7gH6E0bCNMyz0cK_pSp4wjv162qLEk
מאי 02, 2025 1:17:57 לפנה״צ Service.ShopService changeItemQuantityInShop
INFO: Item quantity changed in shop: 0 in shop: MyShop by user: 0
מאי 02, 2025 1:17:57 לפנה״צ Service.ShopService changeItemQuantityInShop
INFO: Item quantity changed in shop: 1 in shop: MyShop by user: 0
מאי 02, 2025 1:17:57 לפנה״צ Service.ShopService changeItemQuantityInShop
INFO: Item quantity changed in shop: 2 in shop: MyShop by user: 0
מאי 02, 2025 1:17:57 לפנה״צ Service.ShopService getShopInfo
INFO: Shop info retrieved: MyShop by user: eyJhbGciOiJIUzI1NiJ9.eyJzdWIiOiIwIiwiZXhwIjoxNzQ2MjI0Mjc3LCJpYXQiOjE3NDYxMzc4Nzd9.Xg8e57Ht5uCvX7gH6E0bCNMyz0cK_pSp4wjv162qLEk
מאי 02, 2025 1:17:57 לפנה״צ Service.UserService enterToSystem
INFO: User entered the system
מאי 02, 2025 1:17:57 לפנה״צ Service.OrderService addItemsToCart
INFO: Items added to cart successfully
מאי 02, 2025 1:17:57 לפנה״צ Service.OrderService buyCartContent
INFO: Purchase completed successfully for cart ID: 1
מאי 02, 2025 1:17:57 לפנה״צ Service.ShopService rateShop
SEVERE: Error rating shop: class Domain.Guest cannot be cast to class Domain.Registered (Domain.Guest and Domain.Registered are in unnamed module of loader 'app')
]]></system-err>
  </testcase>
  <testcase name="nameWrongUserLogin" classname="Tests.AccepanceTests" time="0.002">
    <system-err><![CDATA[מאי 02, 2025 1:17:57 לפנה״צ Service.UserService enterToSystem
INFO: User entered the system
מאי 02, 2025 1:17:57 לפנה״צ Service.UserService loginUser
SEVERE: Error logging in user: Cannot invoke "Domain.Registered.getPassword()" because "registered" is null
]]></system-err>
  </testcase>
  <testcase name="addItemToBasketTest" classname="Tests.AccepanceTests" time="0.004">
    <system-err><![CDATA[מאי 02, 2025 1:17:57 לפנה״צ Service.UserService enterToSystem
INFO: User entered the system
מאי 02, 2025 1:17:57 לפנה״צ Service.UserService loginUser
INFO: User logged in successfully with session token: eyJhbGciOiJIUzI1NiJ9.eyJzdWIiOiIwIiwiZXhwIjoxNzQ2MjI0Mjc3LCJpYXQiOjE3NDYxMzc4Nzd9.FAqfOq03oghSHxOuswnzdPoVwnseLpMuleKjuaLm5q4
מאי 02, 2025 1:17:57 לפנה״צ Service.ShopService createShop
INFO: Shop created: MyShop by user: 0
מאי 02, 2025 1:17:57 לפנה״צ Service.ShopService addItemToShop
INFO: Item added to shop: Apple in shop: MyShop by user: 0
מאי 02, 2025 1:17:57 לפנה״צ Service.ShopService addItemToShop
INFO: Item added to shop: Banana in shop: MyShop by user: 0
מאי 02, 2025 1:17:57 לפנה״צ Service.ShopService addItemToShop
INFO: Item added to shop: Laptop in shop: MyShop by user: 0
מאי 02, 2025 1:17:57 לפנה״צ Service.ShopService getShopInfo
INFO: Shop info retrieved: MyShop by user: eyJhbGciOiJIUzI1NiJ9.eyJzdWIiOiIwIiwiZXhwIjoxNzQ2MjI0Mjc3LCJpYXQiOjE3NDYxMzc4Nzd9.FAqfOq03oghSHxOuswnzdPoVwnseLpMuleKjuaLm5q4
מאי 02, 2025 1:17:57 לפנה״צ Service.ShopService changeItemQuantityInShop
INFO: Item quantity changed in shop: 0 in shop: MyShop by user: 0
מאי 02, 2025 1:17:57 לפנה״צ Service.ShopService changeItemQuantityInShop
INFO: Item quantity changed in shop: 1 in shop: MyShop by user: 0
מאי 02, 2025 1:17:57 לפנה״צ Service.ShopService changeItemQuantityInShop
INFO: Item quantity changed in shop: 2 in shop: MyShop by user: 0
מאי 02, 2025 1:17:57 לפנה״צ Service.ShopService getShopInfo
INFO: Shop info retrieved: MyShop by user: eyJhbGciOiJIUzI1NiJ9.eyJzdWIiOiIwIiwiZXhwIjoxNzQ2MjI0Mjc3LCJpYXQiOjE3NDYxMzc4Nzd9.FAqfOq03oghSHxOuswnzdPoVwnseLpMuleKjuaLm5q4
מאי 02, 2025 1:17:57 לפנה״צ Service.UserService enterToSystem
INFO: User entered the system
מאי 02, 2025 1:17:57 לפנה״צ Service.OrderService addItemsToCart
INFO: Items added to cart successfully
מאי 02, 2025 1:17:57 לפנה״צ Service.OrderService checkCartContent
INFO: All items were listed successfully
]]></system-err>
  </testcase>
  <testcase name="successfulShopClosing" classname="Tests.AccepanceTests" time="0.007">
    <system-err><![CDATA[מאי 02, 2025 1:17:57 לפנה״צ Service.UserService enterToSystem
INFO: User entered the system
מאי 02, 2025 1:17:57 לפנה״צ Service.UserService loginUser
INFO: User logged in successfully with session token: eyJhbGciOiJIUzI1NiJ9.eyJzdWIiOiIwIiwiZXhwIjoxNzQ2MjI0Mjc3LCJpYXQiOjE3NDYxMzc4Nzd9.d-Zmce7FCV1StsLRhE8R5q4PSZGu2OisGi1t92qcSXM
מאי 02, 2025 1:17:57 לפנה״צ Service.ShopService createShop
INFO: Shop created: MyShop by user: 0
מאי 02, 2025 1:17:57 לפנה״צ Service.ShopService addItemToShop
INFO: Item added to shop: Apple in shop: MyShop by user: 0
מאי 02, 2025 1:17:57 לפנה״צ Service.ShopService addItemToShop
INFO: Item added to shop: Banana in shop: MyShop by user: 0
מאי 02, 2025 1:17:57 לפנה״צ Service.ShopService addItemToShop
INFO: Item added to shop: Laptop in shop: MyShop by user: 0
מאי 02, 2025 1:17:57 לפנה״צ Service.ShopService getShopInfo
INFO: Shop info retrieved: MyShop by user: eyJhbGciOiJIUzI1NiJ9.eyJzdWIiOiIwIiwiZXhwIjoxNzQ2MjI0Mjc3LCJpYXQiOjE3NDYxMzc4Nzd9.d-Zmce7FCV1StsLRhE8R5q4PSZGu2OisGi1t92qcSXM
מאי 02, 2025 1:17:57 לפנה״צ Service.ShopService changeItemQuantityInShop
INFO: Item quantity changed in shop: 0 in shop: MyShop by user: 0
מאי 02, 2025 1:17:57 לפנה״צ Service.ShopService changeItemQuantityInShop
INFO: Item quantity changed in shop: 1 in shop: MyShop by user: 0
מאי 02, 2025 1:17:57 לפנה״צ Service.ShopService changeItemQuantityInShop
INFO: Item quantity changed in shop: 2 in shop: MyShop by user: 0
מאי 02, 2025 1:17:57 לפנה״צ Service.ShopService getShopInfo
INFO: Shop info retrieved: MyShop by user: eyJhbGciOiJIUzI1NiJ9.eyJzdWIiOiIwIiwiZXhwIjoxNzQ2MjI0Mjc3LCJpYXQiOjE3NDYxMzc4Nzd9.d-Zmce7FCV1StsLRhE8R5q4PSZGu2OisGi1t92qcSXM
מאי 02, 2025 1:17:57 לפנה״צ Service.ShopService closeShop
INFO: Shop closed: MyShop by user: 0
]]></system-err>
  </testcase>
  <testcase name="removeNonExistentItemFromShop" classname="Tests.AccepanceTests" time="0.006">
    <system-err><![CDATA[מאי 02, 2025 1:17:57 לפנה״צ Service.UserService enterToSystem
INFO: User entered the system
מאי 02, 2025 1:17:58 לפנה״צ Service.UserService loginUser
INFO: User logged in successfully with session token: eyJhbGciOiJIUzI1NiJ9.eyJzdWIiOiIwIiwiZXhwIjoxNzQ2MjI0Mjc4LCJpYXQiOjE3NDYxMzc4Nzh9.BdYNqsqw2EyXhxZz_blX75R0IxD-81TMhWZSk8APKCg
מאי 02, 2025 1:17:58 לפנה״צ Service.ShopService createShop
INFO: Shop created: MyShop by user: 0
מאי 02, 2025 1:17:58 לפנה״צ Service.ShopService addItemToShop
INFO: Item added to shop: Apple in shop: MyShop by user: 0
מאי 02, 2025 1:17:58 לפנה״צ Service.ShopService addItemToShop
INFO: Item added to shop: Banana in shop: MyShop by user: 0
מאי 02, 2025 1:17:58 לפנה״צ Service.ShopService addItemToShop
INFO: Item added to shop: Laptop in shop: MyShop by user: 0
מאי 02, 2025 1:17:58 לפנה״צ Service.ShopService getShopInfo
INFO: Shop info retrieved: MyShop by user: eyJhbGciOiJIUzI1NiJ9.eyJzdWIiOiIwIiwiZXhwIjoxNzQ2MjI0Mjc4LCJpYXQiOjE3NDYxMzc4Nzh9.BdYNqsqw2EyXhxZz_blX75R0IxD-81TMhWZSk8APKCg
מאי 02, 2025 1:17:58 לפנה״צ Service.ShopService changeItemQuantityInShop
INFO: Item quantity changed in shop: 0 in shop: MyShop by user: 0
מאי 02, 2025 1:17:58 לפנה״צ Service.ShopService changeItemQuantityInShop
INFO: Item quantity changed in shop: 1 in shop: MyShop by user: 0
מאי 02, 2025 1:17:58 לפנה״צ Service.ShopService changeItemQuantityInShop
INFO: Item quantity changed in shop: 2 in shop: MyShop by user: 0
מאי 02, 2025 1:17:58 לפנה״צ Service.ShopService getShopInfo
INFO: Shop info retrieved: MyShop by user: eyJhbGciOiJIUzI1NiJ9.eyJzdWIiOiIwIiwiZXhwIjoxNzQ2MjI0Mjc4LCJpYXQiOjE3NDYxMzc4Nzh9.BdYNqsqw2EyXhxZz_blX75R0IxD-81TMhWZSk8APKCg
מאי 02, 2025 1:17:58 לפנה״צ Service.ShopService removeItemFromShop
SEVERE: Error removing item from shop: Item ID does not exist in the shop.
]]></system-err>
  </testcase>
  <testcase name="removeItemFromShopAsNonOwner" classname="Tests.AccepanceTests" time="0.004">
    <system-err><![CDATA[מאי 02, 2025 1:17:58 לפנה״צ Service.UserService enterToSystem
INFO: User entered the system
מאי 02, 2025 1:17:58 לפנה״צ Service.UserService loginUser
INFO: User logged in successfully with session token: eyJhbGciOiJIUzI1NiJ9.eyJzdWIiOiIwIiwiZXhwIjoxNzQ2MjI0Mjc4LCJpYXQiOjE3NDYxMzc4Nzh9.SSjQIHxUqCm8Y6wPUbPjL6EKzhPQ-kmrWBWkIF2HvR4
מאי 02, 2025 1:17:58 לפנה״צ Service.ShopService createShop
INFO: Shop created: MyShop by user: 0
מאי 02, 2025 1:17:58 לפנה״צ Service.ShopService addItemToShop
INFO: Item added to shop: Apple in shop: MyShop by user: 0
מאי 02, 2025 1:17:58 לפנה״צ Service.ShopService addItemToShop
INFO: Item added to shop: Banana in shop: MyShop by user: 0
מאי 02, 2025 1:17:58 לפנה״צ Service.ShopService addItemToShop
INFO: Item added to shop: Laptop in shop: MyShop by user: 0
מאי 02, 2025 1:17:58 לפנה״צ Service.ShopService getShopInfo
INFO: Shop info retrieved: MyShop by user: eyJhbGciOiJIUzI1NiJ9.eyJzdWIiOiIwIiwiZXhwIjoxNzQ2MjI0Mjc4LCJpYXQiOjE3NDYxMzc4Nzh9.SSjQIHxUqCm8Y6wPUbPjL6EKzhPQ-kmrWBWkIF2HvR4
מאי 02, 2025 1:17:58 לפנה״צ Service.ShopService changeItemQuantityInShop
INFO: Item quantity changed in shop: 0 in shop: MyShop by user: 0
מאי 02, 2025 1:17:58 לפנה״צ Service.ShopService changeItemQuantityInShop
INFO: Item quantity changed in shop: 1 in shop: MyShop by user: 0
מאי 02, 2025 1:17:58 לפנה״צ Service.ShopService changeItemQuantityInShop
INFO: Item quantity changed in shop: 2 in shop: MyShop by user: 0
מאי 02, 2025 1:17:58 לפנה״צ Service.ShopService getShopInfo
INFO: Shop info retrieved: MyShop by user: eyJhbGciOiJIUzI1NiJ9.eyJzdWIiOiIwIiwiZXhwIjoxNzQ2MjI0Mjc4LCJpYXQiOjE3NDYxMzc4Nzh9.SSjQIHxUqCm8Y6wPUbPjL6EKzhPQ-kmrWBWkIF2HvR4
מאי 02, 2025 1:17:58 לפנה״צ Service.UserService enterToSystem
INFO: User entered the system
מאי 02, 2025 1:17:58 לפנה״צ Service.UserService loginUser
INFO: User logged in successfully with session token: eyJhbGciOiJIUzI1NiJ9.eyJzdWIiOiIxIiwiZXhwIjoxNzQ2MjI0Mjc4LCJpYXQiOjE3NDYxMzc4Nzh9.veAyTdkfd7ezTEqqHOx50OG-anLwK7ISx0SULbDtKrc
מאי 02, 2025 1:17:58 לפנה״צ Service.ShopService removeItemFromShop
SEVERE: Error removing item from shop: No role found for shop ID: 0
]]></system-err>
  </testcase>
  <testcase name="BuyCartContentTest_paymentFails" classname="Tests.AccepanceTests" time="0.006">
    <system-err><![CDATA[מאי 02, 2025 1:17:58 לפנה״צ Service.UserService enterToSystem
INFO: User entered the system
מאי 02, 2025 1:17:58 לפנה״צ Service.UserService loginUser
INFO: User logged in successfully with session token: eyJhbGciOiJIUzI1NiJ9.eyJzdWIiOiIwIiwiZXhwIjoxNzQ2MjI0Mjc4LCJpYXQiOjE3NDYxMzc4Nzh9.2VCEzLeLvLZJv40YFzbwihbeXT2IgTqEmNcd1TwTOaM
מאי 02, 2025 1:17:58 לפנה״צ Service.ShopService createShop
INFO: Shop created: MyShop by user: 0
מאי 02, 2025 1:17:58 לפנה״צ Service.ShopService addItemToShop
INFO: Item added to shop: Apple in shop: MyShop by user: 0
מאי 02, 2025 1:17:58 לפנה״צ Service.ShopService addItemToShop
INFO: Item added to shop: Banana in shop: MyShop by user: 0
מאי 02, 2025 1:17:58 לפנה״צ Service.ShopService addItemToShop
INFO: Item added to shop: Laptop in shop: MyShop by user: 0
מאי 02, 2025 1:17:58 לפנה״צ Service.ShopService getShopInfo
INFO: Shop info retrieved: MyShop by user: eyJhbGciOiJIUzI1NiJ9.eyJzdWIiOiIwIiwiZXhwIjoxNzQ2MjI0Mjc4LCJpYXQiOjE3NDYxMzc4Nzh9.2VCEzLeLvLZJv40YFzbwihbeXT2IgTqEmNcd1TwTOaM
מאי 02, 2025 1:17:58 לפנה״צ Service.ShopService changeItemQuantityInShop
INFO: Item quantity changed in shop: 0 in shop: MyShop by user: 0
מאי 02, 2025 1:17:58 לפנה״צ Service.ShopService changeItemQuantityInShop
INFO: Item quantity changed in shop: 1 in shop: MyShop by user: 0
מאי 02, 2025 1:17:58 לפנה״צ Service.ShopService changeItemQuantityInShop
INFO: Item quantity changed in shop: 2 in shop: MyShop by user: 0
מאי 02, 2025 1:17:58 לפנה״צ Service.ShopService getShopInfo
INFO: Shop info retrieved: MyShop by user: eyJhbGciOiJIUzI1NiJ9.eyJzdWIiOiIwIiwiZXhwIjoxNzQ2MjI0Mjc4LCJpYXQiOjE3NDYxMzc4Nzh9.2VCEzLeLvLZJv40YFzbwihbeXT2IgTqEmNcd1TwTOaM
מאי 02, 2025 1:17:58 לפנה״צ Service.UserService enterToSystem
INFO: User entered the system
מאי 02, 2025 1:17:58 לפנה״צ Service.UserService loginUser
INFO: User logged in successfully with session token: eyJhbGciOiJIUzI1NiJ9.eyJzdWIiOiIxIiwiZXhwIjoxNzQ2MjI0Mjc4LCJpYXQiOjE3NDYxMzc4Nzh9.ngLj8Sr-nHDg4-sDlluKwzfeNb6CU7a7a11i1RJT6fA
מאי 02, 2025 1:17:58 לפנה״צ Service.OrderService addItemsToCart
INFO: Items added to cart successfully
מאי 02, 2025 1:17:58 לפנה״צ Service.OrderService buyCartContent
SEVERE: Error buying cart content: Payment details invalid
]]></system-err>
  </testcase>
  <testcase name="viewShopNotLoggedIn" classname="Tests.AccepanceTests" time="0.003">
    <system-err><![CDATA[מאי 02, 2025 1:17:58 לפנה״צ Service.UserService enterToSystem
INFO: User entered the system
מאי 02, 2025 1:17:58 לפנה״צ Service.UserService loginUser
INFO: User logged in successfully with session token: eyJhbGciOiJIUzI1NiJ9.eyJzdWIiOiIwIiwiZXhwIjoxNzQ2MjI0Mjc4LCJpYXQiOjE3NDYxMzc4Nzh9.Iy5d9d9GFUsLZjoUTiwk4FrRX_s3IQ8GtDFpNGcsQyc
מאי 02, 2025 1:17:58 לפנה״צ Service.ShopService createShop
INFO: Shop created: MyShop by user: 0
מאי 02, 2025 1:17:58 לפנה״צ Service.ShopService addItemToShop
INFO: Item added to shop: Apple in shop: MyShop by user: 0
מאי 02, 2025 1:17:58 לפנה״צ Service.ShopService addItemToShop
INFO: Item added to shop: Banana in shop: MyShop by user: 0
מאי 02, 2025 1:17:58 לפנה״צ Service.ShopService addItemToShop
INFO: Item added to shop: Laptop in shop: MyShop by user: 0
מאי 02, 2025 1:17:58 לפנה״צ Service.ShopService getShopInfo
INFO: Shop info retrieved: MyShop by user: eyJhbGciOiJIUzI1NiJ9.eyJzdWIiOiIwIiwiZXhwIjoxNzQ2MjI0Mjc4LCJpYXQiOjE3NDYxMzc4Nzh9.Iy5d9d9GFUsLZjoUTiwk4FrRX_s3IQ8GtDFpNGcsQyc
מאי 02, 2025 1:17:58 לפנה״צ Service.ShopService changeItemQuantityInShop
INFO: Item quantity changed in shop: 0 in shop: MyShop by user: 0
מאי 02, 2025 1:17:58 לפנה״צ Service.ShopService changeItemQuantityInShop
INFO: Item quantity changed in shop: 1 in shop: MyShop by user: 0
מאי 02, 2025 1:17:58 לפנה״צ Service.ShopService changeItemQuantityInShop
INFO: Item quantity changed in shop: 2 in shop: MyShop by user: 0
מאי 02, 2025 1:17:58 לפנה״צ Service.ShopService getShopInfo
INFO: Shop info retrieved: MyShop by user: eyJhbGciOiJIUzI1NiJ9.eyJzdWIiOiIwIiwiZXhwIjoxNzQ2MjI0Mjc4LCJpYXQiOjE3NDYxMzc4Nzh9.Iy5d9d9GFUsLZjoUTiwk4FrRX_s3IQ8GtDFpNGcsQyc
מאי 02, 2025 1:17:58 לפנה״צ Service.ShopService getShopInfo
SEVERE: Error retrieving shop info: User is not logged in
]]></system-err>
  </testcase>
  <testcase name="editItemInShop" classname="Tests.AccepanceTests" time="0.002">
    <system-err><![CDATA[מאי 02, 2025 1:17:58 לפנה״צ Service.UserService enterToSystem
INFO: User entered the system
מאי 02, 2025 1:17:58 לפנה״צ Service.UserService loginUser
INFO: User logged in successfully with session token: eyJhbGciOiJIUzI1NiJ9.eyJzdWIiOiIwIiwiZXhwIjoxNzQ2MjI0Mjc4LCJpYXQiOjE3NDYxMzc4Nzh9.vIS3Wdc6vo3Ms7z_blZFv5kaGzRw9mcaP1jnfXpeE_g
מאי 02, 2025 1:17:58 לפנה״צ Service.ShopService createShop
INFO: Shop created: MyShop by user: 0
מאי 02, 2025 1:17:58 לפנה״צ Service.ShopService addItemToShop
INFO: Item added to shop: Apple in shop: MyShop by user: 0
מאי 02, 2025 1:17:58 לפנה״צ Service.ShopService addItemToShop
INFO: Item added to shop: Banana in shop: MyShop by user: 0
מאי 02, 2025 1:17:58 לפנה״צ Service.ShopService addItemToShop
INFO: Item added to shop: Laptop in shop: MyShop by user: 0
מאי 02, 2025 1:17:58 לפנה״צ Service.ShopService getShopInfo
INFO: Shop info retrieved: MyShop by user: eyJhbGciOiJIUzI1NiJ9.eyJzdWIiOiIwIiwiZXhwIjoxNzQ2MjI0Mjc4LCJpYXQiOjE3NDYxMzc4Nzh9.vIS3Wdc6vo3Ms7z_blZFv5kaGzRw9mcaP1jnfXpeE_g
מאי 02, 2025 1:17:58 לפנה״צ Service.ShopService changeItemQuantityInShop
INFO: Item quantity changed in shop: 0 in shop: MyShop by user: 0
מאי 02, 2025 1:17:58 לפנה״צ Service.ShopService changeItemQuantityInShop
INFO: Item quantity changed in shop: 1 in shop: MyShop by user: 0
מאי 02, 2025 1:17:58 לפנה״צ Service.ShopService changeItemQuantityInShop
INFO: Item quantity changed in shop: 2 in shop: MyShop by user: 0
מאי 02, 2025 1:17:58 לפנה״צ Service.ShopService getShopInfo
INFO: Shop info retrieved: MyShop by user: eyJhbGciOiJIUzI1NiJ9.eyJzdWIiOiIwIiwiZXhwIjoxNzQ2MjI0Mjc4LCJpYXQiOjE3NDYxMzc4Nzh9.vIS3Wdc6vo3Ms7z_blZFv5kaGzRw9mcaP1jnfXpeE_g
מאי 02, 2025 1:17:58 לפנה״צ Service.ShopService changeItemDescriptionInShop
INFO: Item description changed in shop: 0 in shop: MyShop by user: 0
]]></system-err>
  </testcase>
  <testcase name="closingClosedShop" classname="Tests.AccepanceTests" time="0.003">
    <system-err><![CDATA[מאי 02, 2025 1:17:58 לפנה״צ Service.UserService enterToSystem
INFO: User entered the system
מאי 02, 2025 1:17:58 לפנה״צ Service.UserService loginUser
INFO: User logged in successfully with session token: eyJhbGciOiJIUzI1NiJ9.eyJzdWIiOiIwIiwiZXhwIjoxNzQ2MjI0Mjc4LCJpYXQiOjE3NDYxMzc4Nzh9.RIPhzytIC-srU1w2kgYTrjHgqVSC1-r6z8TERH2NiBI
מאי 02, 2025 1:17:58 לפנה״צ Service.ShopService createShop
INFO: Shop created: MyShop by user: 0
מאי 02, 2025 1:17:58 לפנה״צ Service.ShopService addItemToShop
INFO: Item added to shop: Apple in shop: MyShop by user: 0
מאי 02, 2025 1:17:58 לפנה״צ Service.ShopService addItemToShop
INFO: Item added to shop: Banana in shop: MyShop by user: 0
מאי 02, 2025 1:17:58 לפנה״צ Service.ShopService addItemToShop
INFO: Item added to shop: Laptop in shop: MyShop by user: 0
מאי 02, 2025 1:17:58 לפנה״צ Service.ShopService getShopInfo
INFO: Shop info retrieved: MyShop by user: eyJhbGciOiJIUzI1NiJ9.eyJzdWIiOiIwIiwiZXhwIjoxNzQ2MjI0Mjc4LCJpYXQiOjE3NDYxMzc4Nzh9.RIPhzytIC-srU1w2kgYTrjHgqVSC1-r6z8TERH2NiBI
מאי 02, 2025 1:17:58 לפנה״צ Service.ShopService changeItemQuantityInShop
INFO: Item quantity changed in shop: 0 in shop: MyShop by user: 0
מאי 02, 2025 1:17:58 לפנה״צ Service.ShopService changeItemQuantityInShop
INFO: Item quantity changed in shop: 1 in shop: MyShop by user: 0
מאי 02, 2025 1:17:58 לפנה״צ Service.ShopService changeItemQuantityInShop
INFO: Item quantity changed in shop: 2 in shop: MyShop by user: 0
מאי 02, 2025 1:17:58 לפנה״צ Service.ShopService getShopInfo
INFO: Shop info retrieved: MyShop by user: eyJhbGciOiJIUzI1NiJ9.eyJzdWIiOiIwIiwiZXhwIjoxNzQ2MjI0Mjc4LCJpYXQiOjE3NDYxMzc4Nzh9.RIPhzytIC-srU1w2kgYTrjHgqVSC1-r6z8TERH2NiBI
מאי 02, 2025 1:17:58 לפנה״צ Service.ShopService closeShop
INFO: Shop closed: MyShop by user: 0
מאי 02, 2025 1:17:58 לפנה״צ Service.ShopService closeShop
SEVERE: Error closing shop: Shop is already closed.
]]></system-err>
  </testcase>
  <testcase name="emptySearchResults" classname="Tests.AccepanceTests" time="0.004">
    <system-err><![CDATA[מאי 02, 2025 1:17:58 לפנה״צ Service.UserService enterToSystem
INFO: User entered the system
מאי 02, 2025 1:17:58 לפנה״צ Service.UserService loginUser
INFO: User logged in successfully with session token: eyJhbGciOiJIUzI1NiJ9.eyJzdWIiOiIwIiwiZXhwIjoxNzQ2MjI0Mjc4LCJpYXQiOjE3NDYxMzc4Nzh9.oqNo3fjFJX_bzmH2tT6CMQnQ9Vg8MgaFXDF8BDzJdqw
מאי 02, 2025 1:17:58 לפנה״צ Service.ShopService createShop
INFO: Shop created: MyShop by user: 0
מאי 02, 2025 1:17:58 לפנה״צ Service.ShopService addItemToShop
INFO: Item added to shop: Apple in shop: MyShop by user: 0
מאי 02, 2025 1:17:58 לפנה״צ Service.ShopService addItemToShop
INFO: Item added to shop: Banana in shop: MyShop by user: 0
מאי 02, 2025 1:17:58 לפנה״צ Service.ShopService addItemToShop
INFO: Item added to shop: Laptop in shop: MyShop by user: 0
מאי 02, 2025 1:17:58 לפנה״צ Service.ShopService getShopInfo
INFO: Shop info retrieved: MyShop by user: eyJhbGciOiJIUzI1NiJ9.eyJzdWIiOiIwIiwiZXhwIjoxNzQ2MjI0Mjc4LCJpYXQiOjE3NDYxMzc4Nzh9.oqNo3fjFJX_bzmH2tT6CMQnQ9Vg8MgaFXDF8BDzJdqw
מאי 02, 2025 1:17:58 לפנה״צ Service.ShopService changeItemQuantityInShop
INFO: Item quantity changed in shop: 0 in shop: MyShop by user: 0
מאי 02, 2025 1:17:58 לפנה״צ Service.ShopService changeItemQuantityInShop
INFO: Item quantity changed in shop: 1 in shop: MyShop by user: 0
מאי 02, 2025 1:17:58 לפנה״צ Service.ShopService changeItemQuantityInShop
INFO: Item quantity changed in shop: 2 in shop: MyShop by user: 0
מאי 02, 2025 1:17:58 לפנה״צ Service.ShopService getShopInfo
INFO: Shop info retrieved: MyShop by user: eyJhbGciOiJIUzI1NiJ9.eyJzdWIiOiIwIiwiZXhwIjoxNzQ2MjI0Mjc4LCJpYXQiOjE3NDYxMzc4Nzh9.oqNo3fjFJX_bzmH2tT6CMQnQ9Vg8MgaFXDF8BDzJdqw
מאי 02, 2025 1:17:58 לפנה״צ Service.UserService enterToSystem
INFO: User entered the system
]]></system-err>
  </testcase>
  <testcase name="concurrentManagerAppointment" classname="Tests.AccepanceTests" time="0.004">
    <system-err><![CDATA[מאי 02, 2025 1:17:58 לפנה״צ Service.UserService enterToSystem
INFO: User entered the system
מאי 02, 2025 1:17:58 לפנה״צ Service.UserService loginUser
INFO: User logged in successfully with session token: eyJhbGciOiJIUzI1NiJ9.eyJzdWIiOiIwIiwiZXhwIjoxNzQ2MjI0Mjc4LCJpYXQiOjE3NDYxMzc4Nzh9.BVl9HsYPUi4l98XzTsCnkOCBUGusMwce_4aMQ1aHI54
מאי 02, 2025 1:17:58 לפנה״צ Service.ShopService createShop
INFO: Shop created: MyShop by user: 0
מאי 02, 2025 1:17:58 לפנה״צ Service.ShopService addItemToShop
INFO: Item added to shop: Apple in shop: MyShop by user: 0
מאי 02, 2025 1:17:58 לפנה״צ Service.ShopService addItemToShop
INFO: Item added to shop: Banana in shop: MyShop by user: 0
מאי 02, 2025 1:17:58 לפנה״צ Service.ShopService addItemToShop
INFO: Item added to shop: Laptop in shop: MyShop by user: 0
מאי 02, 2025 1:17:58 לפנה״צ Service.ShopService getShopInfo
INFO: Shop info retrieved: MyShop by user: eyJhbGciOiJIUzI1NiJ9.eyJzdWIiOiIwIiwiZXhwIjoxNzQ2MjI0Mjc4LCJpYXQiOjE3NDYxMzc4Nzh9.BVl9HsYPUi4l98XzTsCnkOCBUGusMwce_4aMQ1aHI54
מאי 02, 2025 1:17:58 לפנה״צ Service.ShopService changeItemQuantityInShop
INFO: Item quantity changed in shop: 0 in shop: MyShop by user: 0
מאי 02, 2025 1:17:58 לפנה״צ Service.ShopService changeItemQuantityInShop
INFO: Item quantity changed in shop: 1 in shop: MyShop by user: 0
מאי 02, 2025 1:17:58 לפנה״צ Service.ShopService changeItemQuantityInShop
INFO: Item quantity changed in shop: 2 in shop: MyShop by user: 0
מאי 02, 2025 1:17:58 לפנה״צ Service.ShopService getShopInfo
INFO: Shop info retrieved: MyShop by user: eyJhbGciOiJIUzI1NiJ9.eyJzdWIiOiIwIiwiZXhwIjoxNzQ2MjI0Mjc4LCJpYXQiOjE3NDYxMzc4Nzh9.BVl9HsYPUi4l98XzTsCnkOCBUGusMwce_4aMQ1aHI54
מאי 02, 2025 1:17:58 לפנה״צ Service.UserService enterToSystem
INFO: User entered the system
מאי 02, 2025 1:17:58 לפנה״צ Service.ShopService addShopManager
INFO: Shop manager added: candidate in shop: MyShop by user: 0
מאי 02, 2025 1:17:58 לפנה״צ Service.ShopService addShopManager
SEVERE: Error adding shop manager: User is already a manager of the shop
]]></system-err>
  </testcase>
  <testcase name="BuyCartContentTest_shipmentFails" classname="Tests.AccepanceTests" time="0.004">
    <system-err><![CDATA[מאי 02, 2025 1:17:58 לפנה״צ Service.UserService enterToSystem
INFO: User entered the system
מאי 02, 2025 1:17:58 לפנה״צ Service.UserService loginUser
INFO: User logged in successfully with session token: eyJhbGciOiJIUzI1NiJ9.eyJzdWIiOiIwIiwiZXhwIjoxNzQ2MjI0Mjc4LCJpYXQiOjE3NDYxMzc4Nzh9.PEBLLGTbVBHwiuVZ-vbtxl2Uq7NwaOW72QGbSU_NbZ4
מאי 02, 2025 1:17:58 לפנה״צ Service.ShopService createShop
INFO: Shop created: MyShop by user: 0
מאי 02, 2025 1:17:58 לפנה״צ Service.ShopService addItemToShop
INFO: Item added to shop: Apple in shop: MyShop by user: 0
מאי 02, 2025 1:17:58 לפנה״צ Service.ShopService addItemToShop
INFO: Item added to shop: Banana in shop: MyShop by user: 0
מאי 02, 2025 1:17:58 לפנה״צ Service.ShopService addItemToShop
INFO: Item added to shop: Laptop in shop: MyShop by user: 0
מאי 02, 2025 1:17:58 לפנה״צ Service.ShopService getShopInfo
INFO: Shop info retrieved: MyShop by user: eyJhbGciOiJIUzI1NiJ9.eyJzdWIiOiIwIiwiZXhwIjoxNzQ2MjI0Mjc4LCJpYXQiOjE3NDYxMzc4Nzh9.PEBLLGTbVBHwiuVZ-vbtxl2Uq7NwaOW72QGbSU_NbZ4
מאי 02, 2025 1:17:58 לפנה״צ Service.ShopService changeItemQuantityInShop
INFO: Item quantity changed in shop: 0 in shop: MyShop by user: 0
מאי 02, 2025 1:17:58 לפנה״צ Service.ShopService changeItemQuantityInShop
INFO: Item quantity changed in shop: 1 in shop: MyShop by user: 0
מאי 02, 2025 1:17:58 לפנה״צ Service.ShopService changeItemQuantityInShop
INFO: Item quantity changed in shop: 2 in shop: MyShop by user: 0
מאי 02, 2025 1:17:58 לפנה״צ Service.ShopService getShopInfo
INFO: Shop info retrieved: MyShop by user: eyJhbGciOiJIUzI1NiJ9.eyJzdWIiOiIwIiwiZXhwIjoxNzQ2MjI0Mjc4LCJpYXQiOjE3NDYxMzc4Nzh9.PEBLLGTbVBHwiuVZ-vbtxl2Uq7NwaOW72QGbSU_NbZ4
מאי 02, 2025 1:17:58 לפנה״צ Service.UserService enterToSystem
INFO: User entered the system
מאי 02, 2025 1:17:58 לפנה״צ Service.UserService loginUser
INFO: User logged in successfully with session token: eyJhbGciOiJIUzI1NiJ9.eyJzdWIiOiIxIiwiZXhwIjoxNzQ2MjI0Mjc4LCJpYXQiOjE3NDYxMzc4Nzh9.asytdeoghbTfXzw_4gpGADAsuDFzxZtQWyh48sMwLrg
מאי 02, 2025 1:17:58 לפנה״צ Service.OrderService addItemsToCart
INFO: Items added to cart successfully
מאי 02, 2025 1:17:58 לפנה״צ Service.OrderService buyCartContent
SEVERE: Error buying cart content: Shipment details invalid
]]></system-err>
  </testcase>
  <testcase name="getShopsAndItems" classname="Tests.AccepanceTests" time="0.002">
    <system-err><![CDATA[מאי 02, 2025 1:17:58 לפנה״צ Service.UserService enterToSystem
INFO: User entered the system
מאי 02, 2025 1:17:58 לפנה״צ Service.UserService loginUser
INFO: User logged in successfully with session token: eyJhbGciOiJIUzI1NiJ9.eyJzdWIiOiIwIiwiZXhwIjoxNzQ2MjI0Mjc4LCJpYXQiOjE3NDYxMzc4Nzh9._lk2_McmNG5GaLO2a3ouFjWgSTJUrIJx59Jhq5A5M84
מאי 02, 2025 1:17:58 לפנה״צ Service.ShopService createShop
INFO: Shop created: MyShop by user: 0
מאי 02, 2025 1:17:58 לפנה״צ Service.ShopService addItemToShop
INFO: Item added to shop: Apple in shop: MyShop by user: 0
מאי 02, 2025 1:17:58 לפנה״צ Service.ShopService addItemToShop
INFO: Item added to shop: Banana in shop: MyShop by user: 0
מאי 02, 2025 1:17:58 לפנה״צ Service.ShopService addItemToShop
INFO: Item added to shop: Laptop in shop: MyShop by user: 0
מאי 02, 2025 1:17:58 לפנה״צ Service.ShopService getShopInfo
INFO: Shop info retrieved: MyShop by user: eyJhbGciOiJIUzI1NiJ9.eyJzdWIiOiIwIiwiZXhwIjoxNzQ2MjI0Mjc4LCJpYXQiOjE3NDYxMzc4Nzh9._lk2_McmNG5GaLO2a3ouFjWgSTJUrIJx59Jhq5A5M84
מאי 02, 2025 1:17:58 לפנה״צ Service.ShopService changeItemQuantityInShop
INFO: Item quantity changed in shop: 0 in shop: MyShop by user: 0
מאי 02, 2025 1:17:58 לפנה״צ Service.ShopService changeItemQuantityInShop
INFO: Item quantity changed in shop: 1 in shop: MyShop by user: 0
מאי 02, 2025 1:17:58 לפנה״צ Service.ShopService changeItemQuantityInShop
INFO: Item quantity changed in shop: 2 in shop: MyShop by user: 0
מאי 02, 2025 1:17:58 לפנה״צ Service.ShopService getShopInfo
INFO: Shop info retrieved: MyShop by user: eyJhbGciOiJIUzI1NiJ9.eyJzdWIiOiIwIiwiZXhwIjoxNzQ2MjI0Mjc4LCJpYXQiOjE3NDYxMzc4Nzh9._lk2_McmNG5GaLO2a3ouFjWgSTJUrIJx59Jhq5A5M84
]]></system-err>
  </testcase>
  <testcase name="setManagerPermissionsTest" classname="Tests.AccepanceTests" time="0.004">
    <system-err><![CDATA[מאי 02, 2025 1:17:58 לפנה״צ Service.UserService enterToSystem
INFO: User entered the system
מאי 02, 2025 1:17:58 לפנה״צ Service.UserService loginUser
INFO: User logged in successfully with session token: eyJhbGciOiJIUzI1NiJ9.eyJzdWIiOiIwIiwiZXhwIjoxNzQ2MjI0Mjc4LCJpYXQiOjE3NDYxMzc4Nzh9.mt6A8yPqdAVasIfs-gk_7HqTkeN2UMeCThv4qmQjo_c
מאי 02, 2025 1:17:58 לפנה״צ Service.ShopService createShop
INFO: Shop created: MyShop by user: 0
מאי 02, 2025 1:17:58 לפנה״צ Service.ShopService addItemToShop
INFO: Item added to shop: Apple in shop: MyShop by user: 0
מאי 02, 2025 1:17:58 לפנה״צ Service.ShopService addItemToShop
INFO: Item added to shop: Banana in shop: MyShop by user: 0
מאי 02, 2025 1:17:58 לפנה״צ Service.ShopService addItemToShop
INFO: Item added to shop: Laptop in shop: MyShop by user: 0
מאי 02, 2025 1:17:58 לפנה״צ Service.ShopService getShopInfo
INFO: Shop info retrieved: MyShop by user: eyJhbGciOiJIUzI1NiJ9.eyJzdWIiOiIwIiwiZXhwIjoxNzQ2MjI0Mjc4LCJpYXQiOjE3NDYxMzc4Nzh9.mt6A8yPqdAVasIfs-gk_7HqTkeN2UMeCThv4qmQjo_c
מאי 02, 2025 1:17:58 לפנה״צ Service.ShopService changeItemQuantityInShop
INFO: Item quantity changed in shop: 0 in shop: MyShop by user: 0
מאי 02, 2025 1:17:58 לפנה״צ Service.ShopService changeItemQuantityInShop
INFO: Item quantity changed in shop: 1 in shop: MyShop by user: 0
מאי 02, 2025 1:17:58 לפנה״צ Service.ShopService changeItemQuantityInShop
INFO: Item quantity changed in shop: 2 in shop: MyShop by user: 0
מאי 02, 2025 1:17:58 לפנה״צ Service.ShopService getShopInfo
INFO: Shop info retrieved: MyShop by user: eyJhbGciOiJIUzI1NiJ9.eyJzdWIiOiIwIiwiZXhwIjoxNzQ2MjI0Mjc4LCJpYXQiOjE3NDYxMzc4Nzh9.mt6A8yPqdAVasIfs-gk_7HqTkeN2UMeCThv4qmQjo_c
מאי 02, 2025 1:17:58 לפנה״צ Service.UserService enterToSystem
INFO: User entered the system
מאי 02, 2025 1:17:58 לפנה״צ Service.UserService loginUser
INFO: User logged in successfully with session token: eyJhbGciOiJIUzI1NiJ9.eyJzdWIiOiIxIiwiZXhwIjoxNzQ2MjI0Mjc4LCJpYXQiOjE3NDYxMzc4Nzh9.J_wc2I7qyG7jrcTbYyRx_EG4Gk6s2rT_gST6WLA_VT4
מאי 02, 2025 1:17:58 לפנה״צ Service.ShopService addShopManager
INFO: Shop manager added: manager in shop: MyShop by user: 0
מאי 02, 2025 1:17:58 לפנה״צ Service.ShopService getMembersPermissions
INFO: Members permissions retrieved in shop: MyShop by user: 0
מאי 02, 2025 1:17:58 לפנה״צ Service.ShopService addShopManagerPermission
INFO: Shop manager permission added: manager in shop: MyShop by user: 0
מאי 02, 2025 1:17:58 לפנה״צ Service.ShopService getMembersPermissions
INFO: Members permissions retrieved in shop: MyShop by user: 0
]]></system-err>
  </testcase>
  <testcase name="sendMessageToShopTest" classname="Tests.AccepanceTests" time="0.007">
    <system-err><![CDATA[מאי 02, 2025 1:17:58 לפנה״צ Service.UserService enterToSystem
INFO: User entered the system
מאי 02, 2025 1:17:58 לפנה״צ Service.UserService loginUser
INFO: User logged in successfully with session token: eyJhbGciOiJIUzI1NiJ9.eyJzdWIiOiIwIiwiZXhwIjoxNzQ2MjI0Mjc4LCJpYXQiOjE3NDYxMzc4Nzh9.p_ybWasj18t3ZwoVJrEMq9zSAxgDL_9psKCBa16K5gs
מאי 02, 2025 1:17:58 לפנה״צ Service.ShopService createShop
INFO: Shop created: MyShop by user: 0
מאי 02, 2025 1:17:58 לפנה״צ Service.ShopService addItemToShop
INFO: Item added to shop: Apple in shop: MyShop by user: 0
מאי 02, 2025 1:17:58 לפנה״צ Service.ShopService addItemToShop
INFO: Item added to shop: Banana in shop: MyShop by user: 0
מאי 02, 2025 1:17:58 לפנה״צ Service.ShopService addItemToShop
INFO: Item added to shop: Laptop in shop: MyShop by user: 0
מאי 02, 2025 1:17:58 לפנה״צ Service.ShopService getShopInfo
INFO: Shop info retrieved: MyShop by user: eyJhbGciOiJIUzI1NiJ9.eyJzdWIiOiIwIiwiZXhwIjoxNzQ2MjI0Mjc4LCJpYXQiOjE3NDYxMzc4Nzh9.p_ybWasj18t3ZwoVJrEMq9zSAxgDL_9psKCBa16K5gs
מאי 02, 2025 1:17:58 לפנה״צ Service.ShopService changeItemQuantityInShop
INFO: Item quantity changed in shop: 0 in shop: MyShop by user: 0
מאי 02, 2025 1:17:58 לפנה״צ Service.ShopService changeItemQuantityInShop
INFO: Item quantity changed in shop: 1 in shop: MyShop by user: 0
מאי 02, 2025 1:17:58 לפנה״צ Service.ShopService changeItemQuantityInShop
INFO: Item quantity changed in shop: 2 in shop: MyShop by user: 0
מאי 02, 2025 1:17:58 לפנה״צ Service.ShopService getShopInfo
INFO: Shop info retrieved: MyShop by user: eyJhbGciOiJIUzI1NiJ9.eyJzdWIiOiIwIiwiZXhwIjoxNzQ2MjI0Mjc4LCJpYXQiOjE3NDYxMzc4Nzh9.p_ybWasj18t3ZwoVJrEMq9zSAxgDL_9psKCBa16K5gs
מאי 02, 2025 1:17:58 לפנה״צ Service.UserService enterToSystem
INFO: User entered the system
מאי 02, 2025 1:17:58 לפנה״צ Service.UserService loginUser
INFO: User logged in successfully with session token: eyJhbGciOiJIUzI1NiJ9.eyJzdWIiOiIxIiwiZXhwIjoxNzQ2MjI0Mjc4LCJpYXQiOjE3NDYxMzc4Nzh9.LVRELWlZ2EL6wSXFWSFzh9O5Ws4LonnQkxT7tc9vrx8
מאי 02, 2025 1:17:58 לפנה״צ Service.ShopService sendMessage
INFO: Message sent: 1 in shop: MyShop by user: eyJhbGciOiJIUzI1NiJ9.eyJzdWIiOiIxIiwiZXhwIjoxNzQ2MjI0Mjc4LCJpYXQiOjE3NDYxMzc4Nzh9.LVRELWlZ2EL6wSXFWSFzh9O5Ws4LonnQkxT7tc9vrx8
]]></system-err>
  </testcase>
  <testcase name="changeCartContentTest" classname="Tests.AccepanceTests" time="0.003">
    <system-err><![CDATA[מאי 02, 2025 1:17:58 לפנה״צ Service.UserService enterToSystem
INFO: User entered the system
מאי 02, 2025 1:17:58 לפנה״צ Service.UserService loginUser
INFO: User logged in successfully with session token: eyJhbGciOiJIUzI1NiJ9.eyJzdWIiOiIwIiwiZXhwIjoxNzQ2MjI0Mjc4LCJpYXQiOjE3NDYxMzc4Nzh9.tyw92H1caehJDT_CXMHwpUvXr96RWFaMEH9qggJZlVs
מאי 02, 2025 1:17:58 לפנה״צ Service.ShopService createShop
INFO: Shop created: MyShop by user: 0
מאי 02, 2025 1:17:58 לפנה״צ Service.ShopService addItemToShop
INFO: Item added to shop: Apple in shop: MyShop by user: 0
מאי 02, 2025 1:17:58 לפנה״צ Service.ShopService addItemToShop
INFO: Item added to shop: Banana in shop: MyShop by user: 0
מאי 02, 2025 1:17:58 לפנה״צ Service.ShopService addItemToShop
INFO: Item added to shop: Laptop in shop: MyShop by user: 0
מאי 02, 2025 1:17:58 לפנה״צ Service.ShopService getShopInfo
INFO: Shop info retrieved: MyShop by user: eyJhbGciOiJIUzI1NiJ9.eyJzdWIiOiIwIiwiZXhwIjoxNzQ2MjI0Mjc4LCJpYXQiOjE3NDYxMzc4Nzh9.tyw92H1caehJDT_CXMHwpUvXr96RWFaMEH9qggJZlVs
מאי 02, 2025 1:17:58 לפנה״צ Service.ShopService changeItemQuantityInShop
INFO: Item quantity changed in shop: 0 in shop: MyShop by user: 0
מאי 02, 2025 1:17:58 לפנה״צ Service.ShopService changeItemQuantityInShop
INFO: Item quantity changed in shop: 1 in shop: MyShop by user: 0
מאי 02, 2025 1:17:58 לפנה״צ Service.ShopService changeItemQuantityInShop
INFO: Item quantity changed in shop: 2 in shop: MyShop by user: 0
מאי 02, 2025 1:17:58 לפנה״צ Service.ShopService getShopInfo
INFO: Shop info retrieved: MyShop by user: eyJhbGciOiJIUzI1NiJ9.eyJzdWIiOiIwIiwiZXhwIjoxNzQ2MjI0Mjc4LCJpYXQiOjE3NDYxMzc4Nzh9.tyw92H1caehJDT_CXMHwpUvXr96RWFaMEH9qggJZlVs
מאי 02, 2025 1:17:58 לפנה״צ Service.UserService enterToSystem
INFO: User entered the system
מאי 02, 2025 1:17:58 לפנה״צ Service.OrderService addItemsToCart
INFO: Items added to cart successfully
מאי 02, 2025 1:17:58 לפנה״צ Service.OrderService checkCartContent
INFO: All items were listed successfully
מאי 02, 2025 1:17:58 לפנה״צ Service.OrderService removeItemsFromCart
INFO: Items removed from cart successfully
מאי 02, 2025 1:17:58 לפנה״צ Service.OrderService checkCartContent
INFO: All items were listed successfully
]]></system-err>
  </testcase>
  <testcase name="editItemInShopAsNonOwner" classname="Tests.AccepanceTests" time="0.003">
    <system-err><![CDATA[מאי 02, 2025 1:17:58 לפנה״צ Service.UserService enterToSystem
INFO: User entered the system
מאי 02, 2025 1:17:58 לפנה״צ Service.UserService loginUser
INFO: User logged in successfully with session token: eyJhbGciOiJIUzI1NiJ9.eyJzdWIiOiIwIiwiZXhwIjoxNzQ2MjI0Mjc4LCJpYXQiOjE3NDYxMzc4Nzh9.qHvn5hrc74X87-pBDJotC3-JvB2vSG2oqYwg_RwtrS0
מאי 02, 2025 1:17:58 לפנה״צ Service.ShopService createShop
INFO: Shop created: MyShop by user: 0
מאי 02, 2025 1:17:58 לפנה״צ Service.ShopService addItemToShop
INFO: Item added to shop: Apple in shop: MyShop by user: 0
מאי 02, 2025 1:17:58 לפנה״צ Service.ShopService addItemToShop
INFO: Item added to shop: Banana in shop: MyShop by user: 0
מאי 02, 2025 1:17:58 לפנה״צ Service.ShopService addItemToShop
INFO: Item added to shop: Laptop in shop: MyShop by user: 0
מאי 02, 2025 1:17:58 לפנה״צ Service.ShopService getShopInfo
INFO: Shop info retrieved: MyShop by user: eyJhbGciOiJIUzI1NiJ9.eyJzdWIiOiIwIiwiZXhwIjoxNzQ2MjI0Mjc4LCJpYXQiOjE3NDYxMzc4Nzh9.qHvn5hrc74X87-pBDJotC3-JvB2vSG2oqYwg_RwtrS0
מאי 02, 2025 1:17:58 לפנה״צ Service.ShopService changeItemQuantityInShop
INFO: Item quantity changed in shop: 0 in shop: MyShop by user: 0
מאי 02, 2025 1:17:58 לפנה״צ Service.ShopService changeItemQuantityInShop
INFO: Item quantity changed in shop: 1 in shop: MyShop by user: 0
מאי 02, 2025 1:17:58 לפנה״צ Service.ShopService changeItemQuantityInShop
INFO: Item quantity changed in shop: 2 in shop: MyShop by user: 0
מאי 02, 2025 1:17:58 לפנה״צ Service.ShopService getShopInfo
INFO: Shop info retrieved: MyShop by user: eyJhbGciOiJIUzI1NiJ9.eyJzdWIiOiIwIiwiZXhwIjoxNzQ2MjI0Mjc4LCJpYXQiOjE3NDYxMzc4Nzh9.qHvn5hrc74X87-pBDJotC3-JvB2vSG2oqYwg_RwtrS0
מאי 02, 2025 1:17:58 לפנה״צ Service.UserService enterToSystem
INFO: User entered the system
מאי 02, 2025 1:17:58 לפנה״צ Service.UserService loginUser
INFO: User logged in successfully with session token: eyJhbGciOiJIUzI1NiJ9.eyJzdWIiOiIxIiwiZXhwIjoxNzQ2MjI0Mjc4LCJpYXQiOjE3NDYxMzc4Nzh9.W7jyb_xR2W-KuRm42luiPcZGQ02g-PaIKawqFhL-JNA
מאי 02, 2025 1:17:58 לפנה״צ Service.ShopService changeItemDescriptionInShop
SEVERE: Error changing item description in shop: No role found for shop ID: 0
]]></system-err>
  </testcase>
  <testcase name="editProductUserLacksPermission" classname="Tests.AccepanceTests" time="0.004">
    <system-err><![CDATA[מאי 02, 2025 1:17:58 לפנה״צ Service.UserService enterToSystem
INFO: User entered the system
מאי 02, 2025 1:17:58 לפנה״צ Service.UserService loginUser
INFO: User logged in successfully with session token: eyJhbGciOiJIUzI1NiJ9.eyJzdWIiOiIwIiwiZXhwIjoxNzQ2MjI0Mjc4LCJpYXQiOjE3NDYxMzc4Nzh9.S8Ga19HJmBUct-H9v90QsP_ZR7qPn1gpJ09AWKdhJYI
מאי 02, 2025 1:17:58 לפנה״צ Service.ShopService createShop
INFO: Shop created: MyShop by user: 0
מאי 02, 2025 1:17:58 לפנה״צ Service.ShopService addItemToShop
INFO: Item added to shop: Apple in shop: MyShop by user: 0
מאי 02, 2025 1:17:58 לפנה״צ Service.ShopService addItemToShop
INFO: Item added to shop: Banana in shop: MyShop by user: 0
מאי 02, 2025 1:17:58 לפנה״צ Service.ShopService addItemToShop
INFO: Item added to shop: Laptop in shop: MyShop by user: 0
מאי 02, 2025 1:17:58 לפנה״צ Service.ShopService getShopInfo
INFO: Shop info retrieved: MyShop by user: eyJhbGciOiJIUzI1NiJ9.eyJzdWIiOiIwIiwiZXhwIjoxNzQ2MjI0Mjc4LCJpYXQiOjE3NDYxMzc4Nzh9.S8Ga19HJmBUct-H9v90QsP_ZR7qPn1gpJ09AWKdhJYI
מאי 02, 2025 1:17:58 לפנה״צ Service.ShopService changeItemQuantityInShop
INFO: Item quantity changed in shop: 0 in shop: MyShop by user: 0
מאי 02, 2025 1:17:58 לפנה״צ Service.ShopService changeItemQuantityInShop
INFO: Item quantity changed in shop: 1 in shop: MyShop by user: 0
מאי 02, 2025 1:17:58 לפנה״צ Service.ShopService changeItemQuantityInShop
INFO: Item quantity changed in shop: 2 in shop: MyShop by user: 0
מאי 02, 2025 1:17:58 לפנה״צ Service.ShopService getShopInfo
INFO: Shop info retrieved: MyShop by user: eyJhbGciOiJIUzI1NiJ9.eyJzdWIiOiIwIiwiZXhwIjoxNzQ2MjI0Mjc4LCJpYXQiOjE3NDYxMzc4Nzh9.S8Ga19HJmBUct-H9v90QsP_ZR7qPn1gpJ09AWKdhJYI
מאי 02, 2025 1:17:58 לפנה״צ Service.UserService enterToSystem
INFO: User entered the system
מאי 02, 2025 1:17:58 לפנה״צ Service.UserService loginUser
INFO: User logged in successfully with session token: eyJhbGciOiJIUzI1NiJ9.eyJzdWIiOiIxIiwiZXhwIjoxNzQ2MjI0Mjc4LCJpYXQiOjE3NDYxMzc4Nzh9.SkTRx4Yhq_nP6xG3VwU53eKUVaqhqxdVYvfdYnpJuxw
מאי 02, 2025 1:17:58 לפנה״צ Service.ShopService addShopManager
INFO: Shop manager added: mgrNoInv in shop: MyShop by user: 0
מאי 02, 2025 1:17:58 לפנה״צ Service.ShopService changeItemQuantityInShop
SEVERE: Error changing item quantity in shop: You don't have permission to update item quantity
]]></system-err>
  </testcase>
  <testcase name="rateShopTest" classname="Tests.AccepanceTests" time="0.005">
    <system-err><![CDATA[מאי 02, 2025 1:17:58 לפנה״צ Service.UserService enterToSystem
INFO: User entered the system
מאי 02, 2025 1:17:58 לפנה״צ Service.UserService loginUser
INFO: User logged in successfully with session token: eyJhbGciOiJIUzI1NiJ9.eyJzdWIiOiIwIiwiZXhwIjoxNzQ2MjI0Mjc4LCJpYXQiOjE3NDYxMzc4Nzh9.AU8XKowBbdZ8qJtzxROfXG3TLFl0NOPMswUKoiX0vx0
מאי 02, 2025 1:17:58 לפנה״צ Service.ShopService createShop
INFO: Shop created: MyShop by user: 0
מאי 02, 2025 1:17:58 לפנה״צ Service.ShopService addItemToShop
INFO: Item added to shop: Apple in shop: MyShop by user: 0
מאי 02, 2025 1:17:58 לפנה״צ Service.ShopService addItemToShop
INFO: Item added to shop: Banana in shop: MyShop by user: 0
מאי 02, 2025 1:17:58 לפנה״צ Service.ShopService addItemToShop
INFO: Item added to shop: Laptop in shop: MyShop by user: 0
מאי 02, 2025 1:17:58 לפנה״צ Service.ShopService getShopInfo
INFO: Shop info retrieved: MyShop by user: eyJhbGciOiJIUzI1NiJ9.eyJzdWIiOiIwIiwiZXhwIjoxNzQ2MjI0Mjc4LCJpYXQiOjE3NDYxMzc4Nzh9.AU8XKowBbdZ8qJtzxROfXG3TLFl0NOPMswUKoiX0vx0
מאי 02, 2025 1:17:58 לפנה״צ Service.ShopService changeItemQuantityInShop
INFO: Item quantity changed in shop: 0 in shop: MyShop by user: 0
מאי 02, 2025 1:17:58 לפנה״צ Service.ShopService changeItemQuantityInShop
INFO: Item quantity changed in shop: 1 in shop: MyShop by user: 0
מאי 02, 2025 1:17:58 לפנה״צ Service.ShopService changeItemQuantityInShop
INFO: Item quantity changed in shop: 2 in shop: MyShop by user: 0
מאי 02, 2025 1:17:58 לפנה״צ Service.ShopService getShopInfo
INFO: Shop info retrieved: MyShop by user: eyJhbGciOiJIUzI1NiJ9.eyJzdWIiOiIwIiwiZXhwIjoxNzQ2MjI0Mjc4LCJpYXQiOjE3NDYxMzc4Nzh9.AU8XKowBbdZ8qJtzxROfXG3TLFl0NOPMswUKoiX0vx0
מאי 02, 2025 1:17:58 לפנה״צ Service.UserService enterToSystem
INFO: User entered the system
מאי 02, 2025 1:17:58 לפנה״צ Service.UserService loginUser
INFO: User logged in successfully with session token: eyJhbGciOiJIUzI1NiJ9.eyJzdWIiOiIxIiwiZXhwIjoxNzQ2MjI0Mjc4LCJpYXQiOjE3NDYxMzc4Nzh9.h5Ua07Eez1bWeexdrFvdeNIKwv_MUlDzhKb6fhyf-_Q
מאי 02, 2025 1:17:58 לפנה״צ Service.OrderService addItemsToCart
INFO: Items added to cart successfully
מאי 02, 2025 1:17:58 לפנה״צ Service.OrderService buyCartContent
INFO: Purchase completed successfully for cart ID: 1
מאי 02, 2025 1:17:58 לפנה״צ Service.ShopService rateShop
INFO: Shop rated: MyShop by user: 1
מאי 02, 2025 1:17:58 לפנה״צ Service.ShopService getShopInfo
INFO: Shop info retrieved: MyShop by user: eyJhbGciOiJIUzI1NiJ9.eyJzdWIiOiIxIiwiZXhwIjoxNzQ2MjI0Mjc4LCJpYXQiOjE3NDYxMzc4Nzh9.h5Ua07Eez1bWeexdrFvdeNIKwv_MUlDzhKb6fhyf-_Q
]]></system-err>
  </testcase>
  <testcase name="invalidPurchasePolicyFormat" classname="Tests.AccepanceTests" time="0.002">
    <system-err><![CDATA[מאי 02, 2025 1:17:58 לפנה״צ Service.UserService enterToSystem
INFO: User entered the system
מאי 02, 2025 1:17:58 לפנה״צ Service.UserService loginUser
INFO: User logged in successfully with session token: eyJhbGciOiJIUzI1NiJ9.eyJzdWIiOiIwIiwiZXhwIjoxNzQ2MjI0Mjc4LCJpYXQiOjE3NDYxMzc4Nzh9.gh_cX-FKpA-5gw23MGXgzU8gkv9kDYCOgCCHmi5xNks
מאי 02, 2025 1:17:58 לפנה״צ Service.ShopService createShop
INFO: Shop created: MyShop by user: 0
מאי 02, 2025 1:17:58 לפנה״צ Service.ShopService addItemToShop
INFO: Item added to shop: Apple in shop: MyShop by user: 0
מאי 02, 2025 1:17:58 לפנה״צ Service.ShopService addItemToShop
INFO: Item added to shop: Banana in shop: MyShop by user: 0
מאי 02, 2025 1:17:58 לפנה״צ Service.ShopService addItemToShop
INFO: Item added to shop: Laptop in shop: MyShop by user: 0
מאי 02, 2025 1:17:58 לפנה״צ Service.ShopService getShopInfo
INFO: Shop info retrieved: MyShop by user: eyJhbGciOiJIUzI1NiJ9.eyJzdWIiOiIwIiwiZXhwIjoxNzQ2MjI0Mjc4LCJpYXQiOjE3NDYxMzc4Nzh9.gh_cX-FKpA-5gw23MGXgzU8gkv9kDYCOgCCHmi5xNks
מאי 02, 2025 1:17:58 לפנה״צ Service.ShopService changeItemQuantityInShop
INFO: Item quantity changed in shop: 0 in shop: MyShop by user: 0
מאי 02, 2025 1:17:58 לפנה״צ Service.ShopService changeItemQuantityInShop
INFO: Item quantity changed in shop: 1 in shop: MyShop by user: 0
מאי 02, 2025 1:17:58 לפנה״צ Service.ShopService changeItemQuantityInShop
INFO: Item quantity changed in shop: 2 in shop: MyShop by user: 0
מאי 02, 2025 1:17:58 לפנה״צ Service.ShopService getShopInfo
INFO: Shop info retrieved: MyShop by user: eyJhbGciOiJIUzI1NiJ9.eyJzdWIiOiIwIiwiZXhwIjoxNzQ2MjI0Mjc4LCJpYXQiOjE3NDYxMzc4Nzh9.gh_cX-FKpA-5gw23MGXgzU8gkv9kDYCOgCCHmi5xNks
מאי 02, 2025 1:17:58 לפנה״צ Service.UserService enterToSystem
INFO: User entered the system
מאי 02, 2025 1:17:58 לפנה״צ Service.UserService loginUser
INFO: User logged in successfully with session token: eyJhbGciOiJIUzI1NiJ9.eyJzdWIiOiIxIiwiZXhwIjoxNzQ2MjI0Mjc4LCJpYXQiOjE3NDYxMzc4Nzh9.0pTXlyRy-7R-Exhn6z1NAK2IChCWBaiyADHM1oJDsRQ
מאי 02, 2025 1:17:58 לפנה״צ Service.ShopService addShopManager
INFO: Shop manager added: mgrBadP in shop: MyShop by user: 0
מאי 02, 2025 1:17:58 לפנה״צ Service.ShopService updatePurchaseType
SEVERE: Error updating purchase type: not valid purchase Type
]]></system-err>
  </testcase>
  <testcase name="concurrentPurchaseSameItem" classname="Tests.AccepanceTests" time="0.005">
    <system-err><![CDATA[מאי 02, 2025 1:17:58 לפנה״צ Service.UserService enterToSystem
INFO: User entered the system
מאי 02, 2025 1:17:58 לפנה״צ Service.UserService loginUser
INFO: User logged in successfully with session token: eyJhbGciOiJIUzI1NiJ9.eyJzdWIiOiIwIiwiZXhwIjoxNzQ2MjI0Mjc4LCJpYXQiOjE3NDYxMzc4Nzh9._IPJgTL2LwesL7h0q8RifvOLzno9tQRYK7k8yNx82AA
מאי 02, 2025 1:17:58 לפנה״צ Service.ShopService createShop
INFO: Shop created: MyShop by user: 0
מאי 02, 2025 1:17:58 לפנה״צ Service.ShopService addItemToShop
INFO: Item added to shop: Apple in shop: MyShop by user: 0
מאי 02, 2025 1:17:58 לפנה״צ Service.ShopService addItemToShop
INFO: Item added to shop: Banana in shop: MyShop by user: 0
מאי 02, 2025 1:17:58 לפנה״צ Service.ShopService addItemToShop
INFO: Item added to shop: Laptop in shop: MyShop by user: 0
מאי 02, 2025 1:17:58 לפנה״צ Service.ShopService getShopInfo
INFO: Shop info retrieved: MyShop by user: eyJhbGciOiJIUzI1NiJ9.eyJzdWIiOiIwIiwiZXhwIjoxNzQ2MjI0Mjc4LCJpYXQiOjE3NDYxMzc4Nzh9._IPJgTL2LwesL7h0q8RifvOLzno9tQRYK7k8yNx82AA
מאי 02, 2025 1:17:58 לפנה״צ Service.ShopService changeItemQuantityInShop
INFO: Item quantity changed in shop: 0 in shop: MyShop by user: 0
מאי 02, 2025 1:17:58 לפנה״צ Service.ShopService changeItemQuantityInShop
INFO: Item quantity changed in shop: 1 in shop: MyShop by user: 0
מאי 02, 2025 1:17:58 לפנה״צ Service.ShopService changeItemQuantityInShop
INFO: Item quantity changed in shop: 2 in shop: MyShop by user: 0
מאי 02, 2025 1:17:58 לפנה״צ Service.ShopService getShopInfo
INFO: Shop info retrieved: MyShop by user: eyJhbGciOiJIUzI1NiJ9.eyJzdWIiOiIwIiwiZXhwIjoxNzQ2MjI0Mjc4LCJpYXQiOjE3NDYxMzc4Nzh9._IPJgTL2LwesL7h0q8RifvOLzno9tQRYK7k8yNx82AA
מאי 02, 2025 1:17:58 לפנה״צ Service.ShopService changeItemQuantityInShop
INFO: Item quantity changed in shop: 0 in shop: MyShop by user: 0
מאי 02, 2025 1:17:58 לפנה״צ Service.UserService enterToSystem
INFO: User entered the system
מאי 02, 2025 1:17:58 לפנה״צ Service.UserService enterToSystem
INFO: User entered the system
מאי 02, 2025 1:17:58 לפנה״צ Service.OrderService addItemsToCart
INFO: Items added to cart successfully
מאי 02, 2025 1:17:58 לפנה״צ Service.OrderService addItemsToCart
INFO: Items added to cart successfully
מאי 02, 2025 1:17:58 לפנה״צ Service.OrderService buyCartContent
INFO: Purchase completed successfully for cart ID: 1
מאי 02, 2025 1:17:58 לפנה״צ Service.OrderService buyCartContent
SEVERE: Error buying cart content: Error: cant purchase items.
]]></system-err>
  </testcase>
  <testcase name="invalidShopCreationTest" classname="Tests.AccepanceTests" time="0.001">
    <system-err><![CDATA[מאי 02, 2025 1:17:58 לפנה״צ Service.UserService enterToSystem
INFO: User entered the system
מאי 02, 2025 1:17:58 לפנה״צ Service.ShopService createShop
SEVERE: Error creating shop: class Domain.Guest cannot be cast to class Domain.Registered (Domain.Guest and Domain.Registered are in unnamed module of loader 'app')
]]></system-err>
  </testcase>
  <testcase name="addDuplicateItemToShop" classname="Tests.AccepanceTests" time="0.002">
    <system-err><![CDATA[מאי 02, 2025 1:17:58 לפנה״צ Service.UserService enterToSystem
INFO: User entered the system
מאי 02, 2025 1:17:58 לפנה״צ Service.UserService loginUser
INFO: User logged in successfully with session token: eyJhbGciOiJIUzI1NiJ9.eyJzdWIiOiIwIiwiZXhwIjoxNzQ2MjI0Mjc4LCJpYXQiOjE3NDYxMzc4Nzh9.QTAfZzR9MgpTXUzrxAnkRzHY2qkkrTq1tiKVFqua9Bo
מאי 02, 2025 1:17:58 לפנה״צ Service.ShopService createShop
INFO: Shop created: MyShop by user: 0
מאי 02, 2025 1:17:58 לפנה״צ Service.ShopService addItemToShop
INFO: Item added to shop: Apple in shop: MyShop by user: 0
מאי 02, 2025 1:17:58 לפנה״צ Service.ShopService addItemToShop
INFO: Item added to shop: Banana in shop: MyShop by user: 0
מאי 02, 2025 1:17:58 לפנה״צ Service.ShopService addItemToShop
INFO: Item added to shop: Laptop in shop: MyShop by user: 0
מאי 02, 2025 1:17:58 לפנה״צ Service.ShopService getShopInfo
INFO: Shop info retrieved: MyShop by user: eyJhbGciOiJIUzI1NiJ9.eyJzdWIiOiIwIiwiZXhwIjoxNzQ2MjI0Mjc4LCJpYXQiOjE3NDYxMzc4Nzh9.QTAfZzR9MgpTXUzrxAnkRzHY2qkkrTq1tiKVFqua9Bo
מאי 02, 2025 1:17:58 לפנה״צ Service.ShopService changeItemQuantityInShop
INFO: Item quantity changed in shop: 0 in shop: MyShop by user: 0
מאי 02, 2025 1:17:58 לפנה״צ Service.ShopService changeItemQuantityInShop
INFO: Item quantity changed in shop: 1 in shop: MyShop by user: 0
מאי 02, 2025 1:17:58 לפנה״צ Service.ShopService changeItemQuantityInShop
INFO: Item quantity changed in shop: 2 in shop: MyShop by user: 0
מאי 02, 2025 1:17:58 לפנה״צ Service.ShopService getShopInfo
INFO: Shop info retrieved: MyShop by user: eyJhbGciOiJIUzI1NiJ9.eyJzdWIiOiIwIiwiZXhwIjoxNzQ2MjI0Mjc4LCJpYXQiOjE3NDYxMzc4Nzh9.QTAfZzR9MgpTXUzrxAnkRzHY2qkkrTq1tiKVFqua9Bo
מאי 02, 2025 1:17:58 לפנה״צ Service.ShopService addItemToShop
SEVERE: Error adding item to shop: Item name already exists or price cannot be negative.
]]></system-err>
  </testcase>
  <testcase name="ItemUnavailableForPurchase" classname="Tests.AccepanceTests" time="0.006">
    <system-out><![CDATA[Updated shop: 0
]]></system-out>
    <system-err><![CDATA[מאי 02, 2025 1:17:58 לפנה״צ Service.UserService enterToSystem
INFO: User entered the system
מאי 02, 2025 1:17:58 לפנה״צ Service.UserService loginUser
INFO: User logged in successfully with session token: eyJhbGciOiJIUzI1NiJ9.eyJzdWIiOiIwIiwiZXhwIjoxNzQ2MjI0Mjc4LCJpYXQiOjE3NDYxMzc4Nzh9.VprXVcC6l9ztT5hlXpR6xx75sOKKvFtUsRMx_xAlRi4
מאי 02, 2025 1:17:58 לפנה״צ Service.ShopService createShop
INFO: Shop created: MyShop by user: 0
מאי 02, 2025 1:17:58 לפנה״צ Service.ShopService addItemToShop
INFO: Item added to shop: Apple in shop: MyShop by user: 0
מאי 02, 2025 1:17:58 לפנה״צ Service.ShopService addItemToShop
INFO: Item added to shop: Banana in shop: MyShop by user: 0
מאי 02, 2025 1:17:58 לפנה״צ Service.ShopService addItemToShop
INFO: Item added to shop: Laptop in shop: MyShop by user: 0
מאי 02, 2025 1:17:58 לפנה״צ Service.ShopService getShopInfo
INFO: Shop info retrieved: MyShop by user: eyJhbGciOiJIUzI1NiJ9.eyJzdWIiOiIwIiwiZXhwIjoxNzQ2MjI0Mjc4LCJpYXQiOjE3NDYxMzc4Nzh9.VprXVcC6l9ztT5hlXpR6xx75sOKKvFtUsRMx_xAlRi4
מאי 02, 2025 1:17:58 לפנה״צ Service.ShopService changeItemQuantityInShop
INFO: Item quantity changed in shop: 0 in shop: MyShop by user: 0
מאי 02, 2025 1:17:58 לפנה״צ Service.ShopService changeItemQuantityInShop
INFO: Item quantity changed in shop: 1 in shop: MyShop by user: 0
מאי 02, 2025 1:17:58 לפנה״צ Service.ShopService changeItemQuantityInShop
INFO: Item quantity changed in shop: 2 in shop: MyShop by user: 0
מאי 02, 2025 1:17:58 לפנה״צ Service.ShopService getShopInfo
INFO: Shop info retrieved: MyShop by user: eyJhbGciOiJIUzI1NiJ9.eyJzdWIiOiIwIiwiZXhwIjoxNzQ2MjI0Mjc4LCJpYXQiOjE3NDYxMzc4Nzh9.VprXVcC6l9ztT5hlXpR6xx75sOKKvFtUsRMx_xAlRi4
מאי 02, 2025 1:17:58 לפנה״צ Service.ShopService changeItemQuantityInShop
INFO: Item quantity changed in shop: 0 in shop: MyShop by user: 0
מאי 02, 2025 1:17:58 לפנה״צ Service.UserService enterToSystem
INFO: User entered the system
מאי 02, 2025 1:17:58 לפנה״צ Service.UserService loginUser
INFO: User logged in successfully with session token: eyJhbGciOiJIUzI1NiJ9.eyJzdWIiOiIxIiwiZXhwIjoxNzQ2MjI0Mjc4LCJpYXQiOjE3NDYxMzc4Nzh9.P9dcA3_XHOA_jBQlB33j5wAudcP5cltYPNJMvhdzm34
מאי 02, 2025 1:17:58 לפנה״צ Service.OrderService addItemsToCart
SEVERE: Error adding items to cart: Quantity exceeds available stock.
מאי 02, 2025 1:17:58 לפנה״צ Service.ShopService getShopInfo
INFO: Shop info retrieved: MyShop by user: eyJhbGciOiJIUzI1NiJ9.eyJzdWIiOiIwIiwiZXhwIjoxNzQ2MjI0Mjc4LCJpYXQiOjE3NDYxMzc4Nzh9.VprXVcC6l9ztT5hlXpR6xx75sOKKvFtUsRMx_xAlRi4
מאי 02, 2025 1:17:58 לפנה״צ Service.OrderService buyCartContent
SEVERE: Error buying cart content: Payment details invalid
]]></system-err>
  </testcase>
  <testcase name="searchItemsWithFilters" classname="Tests.AccepanceTests" time="0.001">
    <system-err><![CDATA[מאי 02, 2025 1:17:58 לפנה״צ Service.UserService enterToSystem
INFO: User entered the system
מאי 02, 2025 1:17:58 לפנה״צ Service.UserService loginUser
INFO: User logged in successfully with session token: eyJhbGciOiJIUzI1NiJ9.eyJzdWIiOiIwIiwiZXhwIjoxNzQ2MjI0Mjc4LCJpYXQiOjE3NDYxMzc4Nzh9.9ulxN-oWyovv4tQOoMUY5TeBcvwIE2JTlCEynXiEyQc
מאי 02, 2025 1:17:58 לפנה״צ Service.ShopService createShop
INFO: Shop created: MyShop by user: 0
מאי 02, 2025 1:17:58 לפנה״צ Service.ShopService addItemToShop
INFO: Item added to shop: Apple in shop: MyShop by user: 0
מאי 02, 2025 1:17:58 לפנה״צ Service.ShopService addItemToShop
INFO: Item added to shop: Banana in shop: MyShop by user: 0
מאי 02, 2025 1:17:58 לפנה״צ Service.ShopService addItemToShop
INFO: Item added to shop: Laptop in shop: MyShop by user: 0
]]></system-err>
  </testcase>
  <testcase name="passwordWrongUserLogin" classname="Tests.AccepanceTests" time="0.001">
    <system-err><![CDATA[מאי 02, 2025 1:17:58 לפנה״צ Service.UserService enterToSystem
INFO: User entered the system
מאי 02, 2025 1:17:58 לפנה״צ Service.UserService loginUser
SEVERE: Error logging in user: Username and password do not match
]]></system-err>
  </testcase>
  <testcase name="shopNotFound" classname="Tests.AccepanceTests" time="0.001">
    <system-err><![CDATA[מאי 02, 2025 1:17:58 לפנה״צ Service.UserService enterToSystem
INFO: User entered the system
מאי 02, 2025 1:17:58 לפנה״צ Service.ShopService filterItemsInShop
SEVERE: Error filtering items in shop: Shop with ID 9999 does not exist.
]]></system-err>
  </testcase>
  <testcase name="successfulGuestExit" classname="Tests.AccepanceTests" time="0.001">
    <system-err><![CDATA[מאי 02, 2025 1:17:58 לפנה״צ Service.UserService enterToSystem
INFO: User entered the system
מאי 02, 2025 1:17:58 לפנה״צ Service.OrderService checkCartContent
INFO: All items were listed successfully
מאי 02, 2025 1:17:58 לפנה״צ Service.OrderService checkCartContent
INFO: All items were listed successfully
מאי 02, 2025 1:17:58 לפנה״צ Service.UserService exitAsGuest
INFO: User exited the system
מאי 02, 2025 1:17:58 לפנה״צ Service.OrderService checkCartContent
SEVERE: Error viewing cart: User not found
]]></system-err>
  </testcase>
  <testcase name="invalidEditItemInShop" classname="Tests.AccepanceTests" time="0.004">
    <system-err><![CDATA[מאי 02, 2025 1:17:58 לפנה״צ Service.UserService enterToSystem
INFO: User entered the system
מאי 02, 2025 1:17:58 לפנה״צ Service.UserService loginUser
INFO: User logged in successfully with session token: eyJhbGciOiJIUzI1NiJ9.eyJzdWIiOiIwIiwiZXhwIjoxNzQ2MjI0Mjc4LCJpYXQiOjE3NDYxMzc4Nzh9.aIevhwm-yUC7aAADYiRpUlWtcNom-YLp68f4lfMvrFo
מאי 02, 2025 1:17:58 לפנה״צ Service.ShopService createShop
INFO: Shop created: MyShop by user: 0
מאי 02, 2025 1:17:58 לפנה״צ Service.ShopService addItemToShop
INFO: Item added to shop: Apple in shop: MyShop by user: 0
מאי 02, 2025 1:17:58 לפנה״צ Service.ShopService addItemToShop
INFO: Item added to shop: Banana in shop: MyShop by user: 0
מאי 02, 2025 1:17:58 לפנה״צ Service.ShopService addItemToShop
INFO: Item added to shop: Laptop in shop: MyShop by user: 0
מאי 02, 2025 1:17:58 לפנה״צ Service.ShopService getShopInfo
INFO: Shop info retrieved: MyShop by user: eyJhbGciOiJIUzI1NiJ9.eyJzdWIiOiIwIiwiZXhwIjoxNzQ2MjI0Mjc4LCJpYXQiOjE3NDYxMzc4Nzh9.aIevhwm-yUC7aAADYiRpUlWtcNom-YLp68f4lfMvrFo
מאי 02, 2025 1:17:58 לפנה״צ Service.ShopService changeItemQuantityInShop
INFO: Item quantity changed in shop: 0 in shop: MyShop by user: 0
מאי 02, 2025 1:17:58 לפנה״צ Service.ShopService changeItemQuantityInShop
INFO: Item quantity changed in shop: 1 in shop: MyShop by user: 0
מאי 02, 2025 1:17:58 לפנה״צ Service.ShopService changeItemQuantityInShop
INFO: Item quantity changed in shop: 2 in shop: MyShop by user: 0
מאי 02, 2025 1:17:58 לפנה״צ Service.ShopService getShopInfo
INFO: Shop info retrieved: MyShop by user: eyJhbGciOiJIUzI1NiJ9.eyJzdWIiOiIwIiwiZXhwIjoxNzQ2MjI0Mjc4LCJpYXQiOjE3NDYxMzc4Nzh9.aIevhwm-yUC7aAADYiRpUlWtcNom-YLp68f4lfMvrFo
מאי 02, 2025 1:17:58 לפנה״צ Service.ShopService changeItemPriceInShop
SEVERE: Error changing item price in shop: item price cannot be negative
]]></system-err>
  </testcase>
  <testcase name="appointTwiceFail" classname="Tests.AccepanceTests" time="0.002">
    <system-err><![CDATA[מאי 02, 2025 1:17:58 לפנה״צ Service.UserService enterToSystem
INFO: User entered the system
מאי 02, 2025 1:17:58 לפנה״צ Service.UserService loginUser
INFO: User logged in successfully with session token: eyJhbGciOiJIUzI1NiJ9.eyJzdWIiOiIwIiwiZXhwIjoxNzQ2MjI0Mjc4LCJpYXQiOjE3NDYxMzc4Nzh9.RAch2AP4MkYTJcQkvIs4-qG0gln4JglqQw58IetX1ZM
מאי 02, 2025 1:17:58 לפנה״צ Service.ShopService createShop
INFO: Shop created: MyShop by user: 0
מאי 02, 2025 1:17:58 לפנה״צ Service.ShopService addItemToShop
INFO: Item added to shop: Apple in shop: MyShop by user: 0
מאי 02, 2025 1:17:58 לפנה״צ Service.ShopService addItemToShop
INFO: Item added to shop: Banana in shop: MyShop by user: 0
מאי 02, 2025 1:17:58 לפנה״צ Service.ShopService addItemToShop
INFO: Item added to shop: Laptop in shop: MyShop by user: 0
מאי 02, 2025 1:17:58 לפנה״צ Service.ShopService getShopInfo
INFO: Shop info retrieved: MyShop by user: eyJhbGciOiJIUzI1NiJ9.eyJzdWIiOiIwIiwiZXhwIjoxNzQ2MjI0Mjc4LCJpYXQiOjE3NDYxMzc4Nzh9.RAch2AP4MkYTJcQkvIs4-qG0gln4JglqQw58IetX1ZM
מאי 02, 2025 1:17:58 לפנה״צ Service.ShopService changeItemQuantityInShop
INFO: Item quantity changed in shop: 0 in shop: MyShop by user: 0
מאי 02, 2025 1:17:58 לפנה״צ Service.ShopService changeItemQuantityInShop
INFO: Item quantity changed in shop: 1 in shop: MyShop by user: 0
מאי 02, 2025 1:17:58 לפנה״צ Service.ShopService changeItemQuantityInShop
INFO: Item quantity changed in shop: 2 in shop: MyShop by user: 0
מאי 02, 2025 1:17:58 לפנה״צ Service.ShopService getShopInfo
INFO: Shop info retrieved: MyShop by user: eyJhbGciOiJIUzI1NiJ9.eyJzdWIiOiIwIiwiZXhwIjoxNzQ2MjI0Mjc4LCJpYXQiOjE3NDYxMzc4Nzh9.RAch2AP4MkYTJcQkvIs4-qG0gln4JglqQw58IetX1ZM
מאי 02, 2025 1:17:58 לפנה״צ Service.UserService enterToSystem
INFO: User entered the system
מאי 02, 2025 1:17:58 לפנה״צ Service.UserService loginUser
INFO: User logged in successfully with session token: eyJhbGciOiJIUzI1NiJ9.eyJzdWIiOiIxIiwiZXhwIjoxNzQ2MjI0Mjc4LCJpYXQiOjE3NDYxMzc4Nzh9.fPQI50Eciv30pSUkek8S6-lt2_MA65QYqCmYgqEE4wE
מאי 02, 2025 1:17:58 לפנה״צ Service.ShopService addShopManager
INFO: Shop manager added: Manager in shop: MyShop by user: 0
מאי 02, 2025 1:17:58 לפנה״צ Service.UserService enterToSystem
INFO: User entered the system
מאי 02, 2025 1:17:58 לפנה״צ Service.UserService loginUser
INFO: User logged in successfully with session token: eyJhbGciOiJIUzI1NiJ9.eyJzdWIiOiIyIiwiZXhwIjoxNzQ2MjI0Mjc4LCJpYXQiOjE3NDYxMzc4Nzh9.FzPT9flUnIJEhXWgtWP-MbykeS2fEExFV7qIBduAKf0
מאי 02, 2025 1:17:58 לפנה״צ Service.ShopService addShopManager
INFO: Shop manager added: Manager2 in shop: MyShop by user: 0
מאי 02, 2025 1:17:58 לפנה״צ Service.ShopService addShopManager
SEVERE: Error adding shop manager: User is already a manager of the shop
]]></system-err>
  </testcase>
  <testcase name="addShopManagerTest" classname="Tests.AccepanceTests" time="0.003">
    <system-err><![CDATA[מאי 02, 2025 1:17:58 לפנה״צ Service.UserService enterToSystem
INFO: User entered the system
מאי 02, 2025 1:17:58 לפנה״צ Service.UserService loginUser
INFO: User logged in successfully with session token: eyJhbGciOiJIUzI1NiJ9.eyJzdWIiOiIwIiwiZXhwIjoxNzQ2MjI0Mjc4LCJpYXQiOjE3NDYxMzc4Nzh9.Hx-z9ZWNAKFiGnIdZYDkCevNw_QS6YjrwMekX1PHeQw
מאי 02, 2025 1:17:58 לפנה״צ Service.ShopService createShop
INFO: Shop created: MyShop by user: 0
מאי 02, 2025 1:17:58 לפנה״צ Service.ShopService addItemToShop
INFO: Item added to shop: Apple in shop: MyShop by user: 0
מאי 02, 2025 1:17:58 לפנה״צ Service.ShopService addItemToShop
INFO: Item added to shop: Banana in shop: MyShop by user: 0
מאי 02, 2025 1:17:58 לפנה״צ Service.ShopService addItemToShop
INFO: Item added to shop: Laptop in shop: MyShop by user: 0
מאי 02, 2025 1:17:58 לפנה״צ Service.ShopService getShopInfo
INFO: Shop info retrieved: MyShop by user: eyJhbGciOiJIUzI1NiJ9.eyJzdWIiOiIwIiwiZXhwIjoxNzQ2MjI0Mjc4LCJpYXQiOjE3NDYxMzc4Nzh9.Hx-z9ZWNAKFiGnIdZYDkCevNw_QS6YjrwMekX1PHeQw
מאי 02, 2025 1:17:58 לפנה״צ Service.ShopService changeItemQuantityInShop
INFO: Item quantity changed in shop: 0 in shop: MyShop by user: 0
מאי 02, 2025 1:17:58 לפנה״צ Service.ShopService changeItemQuantityInShop
INFO: Item quantity changed in shop: 1 in shop: MyShop by user: 0
מאי 02, 2025 1:17:58 לפנה״צ Service.ShopService changeItemQuantityInShop
INFO: Item quantity changed in shop: 2 in shop: MyShop by user: 0
מאי 02, 2025 1:17:58 לפנה״צ Service.ShopService getShopInfo
INFO: Shop info retrieved: MyShop by user: eyJhbGciOiJIUzI1NiJ9.eyJzdWIiOiIwIiwiZXhwIjoxNzQ2MjI0Mjc4LCJpYXQiOjE3NDYxMzc4Nzh9.Hx-z9ZWNAKFiGnIdZYDkCevNw_QS6YjrwMekX1PHeQw
מאי 02, 2025 1:17:58 לפנה״צ Service.UserService enterToSystem
INFO: User entered the system
מאי 02, 2025 1:17:58 לפנה״צ Service.UserService loginUser
INFO: User logged in successfully with session token: eyJhbGciOiJIUzI1NiJ9.eyJzdWIiOiIxIiwiZXhwIjoxNzQ2MjI0Mjc4LCJpYXQiOjE3NDYxMzc4Nzh9.xQZbKS6ug34XznkXHlF30R4SbXnRG2AnnuZhusp694Y
מאי 02, 2025 1:17:58 לפנה״צ Service.ShopService addShopManager
INFO: Shop manager added: manager in shop: MyShop by user: 0
מאי 02, 2025 1:17:58 לפנה״צ Service.ShopService getMembersPermissions
INFO: Members permissions retrieved in shop: MyShop by user: 0
]]></system-err>
  </testcase>
  <testcase name="concurrentRegisterSameUsername2" classname="Tests.AccepanceTests" time="0.002">
    <system-err><![CDATA[מאי 02, 2025 1:17:58 לפנה״צ Service.UserService enterToSystem
INFO: User entered the system
מאי 02, 2025 1:17:58 לפנה״צ Service.UserService enterToSystem
INFO: User entered the system
מאי 02, 2025 1:17:58 לפנה״צ Service.UserService registerUser
SEVERE: Error registering user: Username already exists
]]></system-err>
  </testcase>
  <testcase name="searchItemsWithoutFilters" classname="Tests.AccepanceTests" time="0.002">
    <system-err><![CDATA[מאי 02, 2025 1:17:58 לפנה״צ Service.UserService enterToSystem
INFO: User entered the system
מאי 02, 2025 1:17:58 לפנה״צ Service.UserService loginUser
INFO: User logged in successfully with session token: eyJhbGciOiJIUzI1NiJ9.eyJzdWIiOiIwIiwiZXhwIjoxNzQ2MjI0Mjc4LCJpYXQiOjE3NDYxMzc4Nzh9._8SEkHbeFQpsH-FQ4HPRKQAERWE3J2Ay0AOcrKhFB5U
מאי 02, 2025 1:17:58 לפנה״צ Service.ShopService createShop
INFO: Shop created: MyShop by user: 0
מאי 02, 2025 1:17:58 לפנה״צ Service.ShopService addItemToShop
INFO: Item added to shop: Apple in shop: MyShop by user: 0
מאי 02, 2025 1:17:58 לפנה״צ Service.ShopService addItemToShop
INFO: Item added to shop: Banana in shop: MyShop by user: 0
מאי 02, 2025 1:17:58 לפנה״צ Service.ShopService addItemToShop
INFO: Item added to shop: Laptop in shop: MyShop by user: 0
מאי 02, 2025 1:17:58 לפנה״צ Service.ShopService getShopInfo
INFO: Shop info retrieved: MyShop by user: eyJhbGciOiJIUzI1NiJ9.eyJzdWIiOiIwIiwiZXhwIjoxNzQ2MjI0Mjc4LCJpYXQiOjE3NDYxMzc4Nzh9._8SEkHbeFQpsH-FQ4HPRKQAERWE3J2Ay0AOcrKhFB5U
מאי 02, 2025 1:17:58 לפנה״צ Service.ShopService changeItemQuantityInShop
INFO: Item quantity changed in shop: 0 in shop: MyShop by user: 0
מאי 02, 2025 1:17:58 לפנה״צ Service.ShopService changeItemQuantityInShop
INFO: Item quantity changed in shop: 1 in shop: MyShop by user: 0
מאי 02, 2025 1:17:58 לפנה״צ Service.ShopService changeItemQuantityInShop
INFO: Item quantity changed in shop: 2 in shop: MyShop by user: 0
מאי 02, 2025 1:17:58 לפנה״צ Service.ShopService getShopInfo
INFO: Shop info retrieved: MyShop by user: eyJhbGciOiJIUzI1NiJ9.eyJzdWIiOiIwIiwiZXhwIjoxNzQ2MjI0Mjc4LCJpYXQiOjE3NDYxMzc4Nzh9._8SEkHbeFQpsH-FQ4HPRKQAERWE3J2Ay0AOcrKhFB5U
מאי 02, 2025 1:17:58 לפנה״צ Service.UserService enterToSystem
INFO: User entered the system
]]></system-err>
  </testcase>
  <testcase name="userRegisterUnauthorized" classname="Tests.AccepanceTests" time="0.001">
    <system-err><![CDATA[מאי 02, 2025 1:17:58 לפנה״צ Service.UserService enterToSystem
INFO: User entered the system
מאי 02, 2025 1:17:58 לפנה״צ Service.UserService loginUser
INFO: User logged in successfully with session token: eyJhbGciOiJIUzI1NiJ9.eyJzdWIiOiIwIiwiZXhwIjoxNzQ2MjI0Mjc4LCJpYXQiOjE3NDYxMzc4Nzh9.do-Pl8XjlKEycAvcXivzbDWVEYEtZzGNmiO3jemvdCo
מאי 02, 2025 1:17:58 לפנה״צ Service.UserService registerUser
[...]
INFO: Shop info retrieved: MyShop by user: eyJhbGciOiJIUzI1NiJ9.eyJzdWIiOiIwIiwiZXhwIjoxNzQ2MjI0Mjc4LCJpYXQiOjE3NDYxMzc4Nzh9.9DktWZTh5vs3gBAtpvO5I4gfzS-e47RfBEKOzLNrTy0
מאי 02, 2025 1:17:58 לפנה״צ Service.ShopService changeItemQuantityInShop
INFO: Item quantity changed in shop: 0 in shop: MyShop by user: 0
מאי 02, 2025 1:17:58 לפנה״צ Service.ShopService changeItemQuantityInShop
INFO: Item quantity changed in shop: 1 in shop: MyShop by user: 0
מאי 02, 2025 1:17:58 לפנה״צ Service.ShopService changeItemQuantityInShop
INFO: Item quantity changed in shop: 2 in shop: MyShop by user: 0
מאי 02, 2025 1:17:58 לפנה״צ Service.ShopService getShopInfo
INFO: Shop info retrieved: MyShop by user: eyJhbGciOiJIUzI1NiJ9.eyJzdWIiOiIwIiwiZXhwIjoxNzQ2MjI0Mjc4LCJpYXQiOjE3NDYxMzc4Nzh9.9DktWZTh5vs3gBAtpvO5I4gfzS-e47RfBEKOzLNrTy0
מאי 02, 2025 1:17:58 לפנה״צ Service.UserService enterToSystem
INFO: User entered the system
מאי 02, 2025 1:17:58 לפנה״צ Service.UserService loginUser
INFO: User logged in successfully with session token: eyJhbGciOiJIUzI1NiJ9.eyJzdWIiOiIxIiwiZXhwIjoxNzQ2MjI0Mjc4LCJpYXQiOjE3NDYxMzc4Nzh9.h4H90SfFp5z1Zib1xyCF7OqWRw32UTXRrbwNjZjrcm0
מאי 02, 2025 1:17:58 לפנה״צ Service.ShopService addItemToShop
SEVERE: Error adding item to shop: No role found for shop ID: 0
]]></system-err>
  </testcase>
  <testcase name="successfulBuyCartContentTest" classname="Tests.AccepanceTests" time="0.004">
    <system-err><![CDATA[מאי 02, 2025 1:17:58 לפנה״צ Service.UserService enterToSystem
INFO: User entered the system
מאי 02, 2025 1:17:58 לפנה״צ Service.UserService loginUser
INFO: User logged in successfully with session token: eyJhbGciOiJIUzI1NiJ9.eyJzdWIiOiIwIiwiZXhwIjoxNzQ2MjI0Mjc4LCJpYXQiOjE3NDYxMzc4Nzh9.Z3mTB_O2taGqBwos04e-S2j1_gfD_466JxyKfHtdM3M
מאי 02, 2025 1:17:58 לפנה״צ Service.ShopService createShop
INFO: Shop created: MyShop by user: 0
מאי 02, 2025 1:17:58 לפנה״צ Service.ShopService addItemToShop
INFO: Item added to shop: Apple in shop: MyShop by user: 0
מאי 02, 2025 1:17:58 לפנה״צ Service.ShopService addItemToShop
INFO: Item added to shop: Banana in shop: MyShop by user: 0
מאי 02, 2025 1:17:58 לפנה״צ Service.ShopService addItemToShop
INFO: Item added to shop: Laptop in shop: MyShop by user: 0
מאי 02, 2025 1:17:58 לפנה״צ Service.ShopService getShopInfo
INFO: Shop info retrieved: MyShop by user: eyJhbGciOiJIUzI1NiJ9.eyJzdWIiOiIwIiwiZXhwIjoxNzQ2MjI0Mjc4LCJpYXQiOjE3NDYxMzc4Nzh9.Z3mTB_O2taGqBwos04e-S2j1_gfD_466JxyKfHtdM3M
מאי 02, 2025 1:17:58 לפנה״צ Service.ShopService changeItemQuantityInShop
INFO: Item quantity changed in shop: 0 in shop: MyShop by user: 0
מאי 02, 2025 1:17:58 לפנה״צ Service.ShopService changeItemQuantityInShop
INFO: Item quantity changed in shop: 1 in shop: MyShop by user: 0
מאי 02, 2025 1:17:58 לפנה״צ Service.ShopService changeItemQuantityInShop
INFO: Item quantity changed in shop: 2 in shop: MyShop by user: 0
מאי 02, 2025 1:17:58 לפנה״צ Service.ShopService getShopInfo
INFO: Shop info retrieved: MyShop by user: eyJhbGciOiJIUzI1NiJ9.eyJzdWIiOiIwIiwiZXhwIjoxNzQ2MjI0Mjc4LCJpYXQiOjE3NDYxMzc4Nzh9.Z3mTB_O2taGqBwos04e-S2j1_gfD_466JxyKfHtdM3M
מאי 02, 2025 1:17:58 לפנה״צ Service.UserService enterToSystem
INFO: User entered the system
מאי 02, 2025 1:17:58 לפנה״צ Service.UserService loginUser
INFO: User logged in successfully with session token: eyJhbGciOiJIUzI1NiJ9.eyJzdWIiOiIxIiwiZXhwIjoxNzQ2MjI0Mjc4LCJpYXQiOjE3NDYxMzc4Nzh9.fqfVnoQyMtuiJi2NeNvVkwQg6LQQQ-Jqci-_-TfqhtU
מאי 02, 2025 1:17:58 לפנה״צ Service.OrderService addItemsToCart
INFO: Items added to cart successfully
מאי 02, 2025 1:17:58 לפנה״צ Service.OrderService buyCartContent
INFO: Purchase completed successfully for cart ID: 1
מאי 02, 2025 1:17:58 לפנה״צ Service.ShopService getShopInfo
INFO: Shop info retrieved: MyShop by user: eyJhbGciOiJIUzI1NiJ9.eyJzdWIiOiIwIiwiZXhwIjoxNzQ2MjI0Mjc4LCJpYXQiOjE3NDYxMzc4Nzh9.Z3mTB_O2taGqBwos04e-S2j1_gfD_466JxyKfHtdM3M
מאי 02, 2025 1:17:58 לפנה״צ Service.OrderService viewPersonalOrderHistory
INFO: Personal search history viewed successfully for user ID: 1
]]></system-err>
  </testcase>
  <testcase name="LogoutTest" classname="Tests.AccepanceTests" time="0.0">
    <system-err><![CDATA[מאי 02, 2025 1:17:58 לפנה״צ Service.UserService enterToSystem
INFO: User entered the system
מאי 02, 2025 1:17:58 לפנה״צ Service.UserService loginUser
INFO: User logged in successfully with session token: eyJhbGciOiJIUzI1NiJ9.eyJzdWIiOiIwIiwiZXhwIjoxNzQ2MjI0Mjc4LCJpYXQiOjE3NDYxMzc4Nzh9.nDpCULaWeV0QOS9c6wb43rM0MTkAzD928TWh8kSoW84
מאי 02, 2025 1:17:58 לפנה״צ Service.UserService enterToSystem
INFO: User entered the system
מאי 02, 2025 1:17:58 לפנה״צ Service.UserService exitAsGuest
INFO: User exited the system
]]></system-err>
  </testcase>
  <testcase name="successfulGuestRegister" classname="Tests.AccepanceTests" time="0.001">
    <system-err><![CDATA[מאי 02, 2025 1:17:58 לפנה״צ Service.UserService enterToSystem
INFO: User entered the system
מאי 02, 2025 1:17:58 לפנה״צ Service.UserService loginUser
INFO: User logged in successfully with session token: eyJhbGciOiJIUzI1NiJ9.eyJzdWIiOiIwIiwiZXhwIjoxNzQ2MjI0Mjc4LCJpYXQiOjE3NDYxMzc4Nzh9.ssnoMkuIPulpFXnqST9nbOkw0UctZbUgqaA3-lwAaQw
מאי 02, 2025 1:17:58 לפנה״צ Service.OrderService checkCartContent
INFO: All items were listed successfully
]]></system-err>
  </testcase>
  <testcase name="editProductNotLoggedIn" classname="Tests.AccepanceTests" time="0.0">
    <system-err><![CDATA[מאי 02, 2025 1:17:58 לפנה״צ Service.ShopService changeItemQuantityInShop
SEVERE: Error changing item quantity in shop: Invalid compact JWT string: Compact JWSs must contain exactly 2 period characters, and compact JWEs must contain exactly 4.  Found: 0
]]></system-err>
  </testcase>
  <testcase name="successfulViewShopContent" classname="Tests.AccepanceTests" time="0.003">
    <system-err><![CDATA[מאי 02, 2025 1:17:58 לפנה״צ Service.UserService enterToSystem
INFO: User entered the system
מאי 02, 2025 1:17:58 לפנה״צ Service.UserService loginUser
INFO: User logged in successfully with session token: eyJhbGciOiJIUzI1NiJ9.eyJzdWIiOiIwIiwiZXhwIjoxNzQ2MjI0Mjc4LCJpYXQiOjE3NDYxMzc4Nzh9.81sl9qwlGwZq98-YQoJ1P8P2ijENas-Lwc87TX10JRk
מאי 02, 2025 1:17:58 לפנה״צ Service.ShopService createShop
INFO: Shop created: MyShop by user: 0
מאי 02, 2025 1:17:58 לפנה״צ Service.ShopService addItemToShop
INFO: Item added to shop: Apple in shop: MyShop by user: 0
מאי 02, 2025 1:17:58 לפנה״צ Service.ShopService addItemToShop
INFO: Item added to shop: Banana in shop: MyShop by user: 0
מאי 02, 2025 1:17:58 לפנה״צ Service.ShopService addItemToShop
INFO: Item added to shop: Laptop in shop: MyShop by user: 0
מאי 02, 2025 1:17:58 לפנה״צ Service.ShopService getShopInfo
INFO: Shop info retrieved: MyShop by user: eyJhbGciOiJIUzI1NiJ9.eyJzdWIiOiIwIiwiZXhwIjoxNzQ2MjI0Mjc4LCJpYXQiOjE3NDYxMzc4Nzh9.81sl9qwlGwZq98-YQoJ1P8P2ijENas-Lwc87TX10JRk
מאי 02, 2025 1:17:58 לפנה״צ Service.ShopService changeItemQuantityInShop
INFO: Item quantity changed in shop: 0 in shop: MyShop by user: 0
מאי 02, 2025 1:17:58 לפנה״צ Service.ShopService changeItemQuantityInShop
INFO: Item quantity changed in shop: 1 in shop: MyShop by user: 0
מאי 02, 2025 1:17:58 לפנה״צ Service.ShopService changeItemQuantityInShop
INFO: Item quantity changed in shop: 2 in shop: MyShop by user: 0
מאי 02, 2025 1:17:58 לפנה״צ Service.ShopService getShopInfo
INFO: Shop info retrieved: MyShop by user: eyJhbGciOiJIUzI1NiJ9.eyJzdWIiOiIwIiwiZXhwIjoxNzQ2MjI0Mjc4LCJpYXQiOjE3NDYxMzc4Nzh9.81sl9qwlGwZq98-YQoJ1P8P2ijENas-Lwc87TX10JRk
מאי 02, 2025 1:17:58 לפנה״צ Service.UserService enterToSystem
INFO: User entered the system
מאי 02, 2025 1:17:58 לפנה״צ Service.UserService loginUser
INFO: User logged in successfully with session token: eyJhbGciOiJIUzI1NiJ9.eyJzdWIiOiIxIiwiZXhwIjoxNzQ2MjI0Mjc4LCJpYXQiOjE3NDYxMzc4Nzh9.pCGVzBIbAhIfRw1MPG0baGvFt6pXMyRH2LnhVRkZv88
מאי 02, 2025 1:17:58 לפנה״צ Service.ShopService addShopManager
INFO: Shop manager added: mgr in shop: MyShop by user: 0
מאי 02, 2025 1:17:58 לפנה״צ Service.ShopService getShopInfo
INFO: Shop info retrieved: MyShop by user: eyJhbGciOiJIUzI1NiJ9.eyJzdWIiOiIxIiwiZXhwIjoxNzQ2MjI0Mjc4LCJpYXQiOjE3NDYxMzc4Nzh9.pCGVzBIbAhIfRw1MPG0baGvFt6pXMyRH2LnhVRkZv88
]]></system-err>
  </testcase>
  <testcase name="productNotFound" classname="Tests.AccepanceTests" time="0.002">
    <system-err><![CDATA[מאי 02, 2025 1:17:58 לפנה״צ Service.UserService enterToSystem
INFO: User entered the system
מאי 02, 2025 1:17:58 לפנה״צ Service.UserService loginUser
INFO: User logged in successfully with session token: eyJhbGciOiJIUzI1NiJ9.eyJzdWIiOiIwIiwiZXhwIjoxNzQ2MjI0Mjc4LCJpYXQiOjE3NDYxMzc4Nzh9.Ay3e3Ows3mZCsej_lQRF60VNc80Socd2LEtB6HZFyoI
מאי 02, 2025 1:17:58 לפנה״צ Service.ShopService createShop
INFO: Shop created: MyShop by user: 0
מאי 02, 2025 1:17:58 לפנה״צ Service.ShopService addItemToShop
INFO: Item added to shop: Apple in shop: MyShop by user: 0
מאי 02, 2025 1:17:58 לפנה״צ Service.ShopService addItemToShop
INFO: Item added to shop: Banana in shop: MyShop by user: 0
מאי 02, 2025 1:17:58 לפנה״צ Service.ShopService addItemToShop
INFO: Item added to shop: Laptop in shop: MyShop by user: 0
מאי 02, 2025 1:17:58 לפנה״צ Service.ShopService getShopInfo
INFO: Shop info retrieved: MyShop by user: eyJhbGciOiJIUzI1NiJ9.eyJzdWIiOiIwIiwiZXhwIjoxNzQ2MjI0Mjc4LCJpYXQiOjE3NDYxMzc4Nzh9.Ay3e3Ows3mZCsej_lQRF60VNc80Socd2LEtB6HZFyoI
מאי 02, 2025 1:17:58 לפנה״צ Service.ShopService changeItemQuantityInShop
INFO: Item quantity changed in shop: 0 in shop: MyShop by user: 0
מאי 02, 2025 1:17:58 לפנה״צ Service.ShopService changeItemQuantityInShop
INFO: Item quantity changed in shop: 1 in shop: MyShop by user: 0
מאי 02, 2025 1:17:58 לפנה״צ Service.ShopService changeItemQuantityInShop
INFO: Item quantity changed in shop: 2 in shop: MyShop by user: 0
מאי 02, 2025 1:17:58 לפנה״צ Service.ShopService getShopInfo
INFO: Shop info retrieved: MyShop by user: eyJhbGciOiJIUzI1NiJ9.eyJzdWIiOiIwIiwiZXhwIjoxNzQ2MjI0Mjc4LCJpYXQiOjE3NDYxMzc4Nzh9.Ay3e3Ows3mZCsej_lQRF60VNc80Socd2LEtB6HZFyoI
מאי 02, 2025 1:17:58 לפנה״צ Service.ShopService changeItemQuantityInShop
SEVERE: Error changing item quantity in shop: Item ID does not exist in the shop.
]]></system-err>
  </testcase>
  <testcase name="searchItemsInSpecificShop" classname="Tests.AccepanceTests" time="0.003">
    <system-err><![CDATA[מאי 02, 2025 1:17:58 לפנה״צ Service.UserService enterToSystem
INFO: User entered the system
מאי 02, 2025 1:17:58 לפנה״צ Service.UserService loginUser
INFO: User logged in successfully with session token: eyJhbGciOiJIUzI1NiJ9.eyJzdWIiOiIwIiwiZXhwIjoxNzQ2MjI0Mjc4LCJpYXQiOjE3NDYxMzc4Nzh9.sizKNjQzxRdgeYlFTHReao3oNgHmKnSwNDMwNuhH_OU
מאי 02, 2025 1:17:58 לפנה״צ Service.ShopService createShop
INFO: Shop created: MyShop by user: 0
מאי 02, 2025 1:17:58 לפנה״צ Service.ShopService addItemToShop
INFO: Item added to shop: Apple in shop: MyShop by user: 0
מאי 02, 2025 1:17:58 לפנה״צ Service.ShopService addItemToShop
INFO: Item added to shop: Banana in shop: MyShop by user: 0
מאי 02, 2025 1:17:58 לפנה״צ Service.ShopService addItemToShop
INFO: Item added to shop: Laptop in shop: MyShop by user: 0
מאי 02, 2025 1:17:58 לפנה״צ Service.ShopService getShopInfo
INFO: Shop info retrieved: MyShop by user: eyJhbGciOiJIUzI1NiJ9.eyJzdWIiOiIwIiwiZXhwIjoxNzQ2MjI0Mjc4LCJpYXQiOjE3NDYxMzc4Nzh9.sizKNjQzxRdgeYlFTHReao3oNgHmKnSwNDMwNuhH_OU
מאי 02, 2025 1:17:58 לפנה״צ Service.ShopService changeItemQuantityInShop
INFO: Item quantity changed in shop: 0 in shop: MyShop by user: 0
מאי 02, 2025 1:17:58 לפנה״צ Service.ShopService changeItemQuantityInShop
INFO: Item quantity changed in shop: 1 in shop: MyShop by user: 0
מאי 02, 2025 1:17:58 לפנה״צ Service.ShopService changeItemQuantityInShop
INFO: Item quantity changed in shop: 2 in shop: MyShop by user: 0
מאי 02, 2025 1:17:58 לפנה״צ Service.ShopService getShopInfo
INFO: Shop info retrieved: MyShop by user: eyJhbGciOiJIUzI1NiJ9.eyJzdWIiOiIwIiwiZXhwIjoxNzQ2MjI0Mjc4LCJpYXQiOjE3NDYxMzc4Nzh9.sizKNjQzxRdgeYlFTHReao3oNgHmKnSwNDMwNuhH_OU
מאי 02, 2025 1:17:58 לפנה״צ Service.UserService enterToSystem
INFO: User entered the system
]]></system-err>
  </testcase>
  <testcase name="removeItemsFromShop" classname="Tests.AccepanceTests" time="0.003">
    <system-err><![CDATA[מאי 02, 2025 1:17:58 לפנה״צ Service.UserService enterToSystem
INFO: User entered the system
מאי 02, 2025 1:17:58 לפנה״צ Service.UserService loginUser
INFO: User logged in successfully with session token: eyJhbGciOiJIUzI1NiJ9.eyJzdWIiOiIwIiwiZXhwIjoxNzQ2MjI0Mjc4LCJpYXQiOjE3NDYxMzc4Nzh9.IuHx5UNce3jyeBz4DLitz9Vpzw_dJnn33KSCx5tA_Z4
מאי 02, 2025 1:17:58 לפנה״צ Service.ShopService createShop
INFO: Shop created: MyShop by user: 0
מאי 02, 2025 1:17:58 לפנה״צ Service.ShopService addItemToShop
INFO: Item added to shop: Apple in shop: MyShop by user: 0
מאי 02, 2025 1:17:58 לפנה״צ Service.ShopService addItemToShop
INFO: Item added to shop: Banana in shop: MyShop by user: 0
מאי 02, 2025 1:17:58 לפנה״צ Service.ShopService addItemToShop
INFO: Item added to shop: Laptop in shop: MyShop by user: 0
מאי 02, 2025 1:17:58 לפנה״צ Service.ShopService getShopInfo
INFO: Shop info retrieved: MyShop by user: eyJhbGciOiJIUzI1NiJ9.eyJzdWIiOiIwIiwiZXhwIjoxNzQ2MjI0Mjc4LCJpYXQiOjE3NDYxMzc4Nzh9.IuHx5UNce3jyeBz4DLitz9Vpzw_dJnn33KSCx5tA_Z4
מאי 02, 2025 1:17:58 לפנה״צ Service.ShopService changeItemQuantityInShop
INFO: Item quantity changed in shop: 0 in shop: MyShop by user: 0
מאי 02, 2025 1:17:58 לפנה״צ Service.ShopService changeItemQuantityInShop
INFO: Item quantity changed in shop: 1 in shop: MyShop by user: 0
מאי 02, 2025 1:17:58 לפנה״צ Service.ShopService changeItemQuantityInShop
INFO: Item quantity changed in shop: 2 in shop: MyShop by user: 0
מאי 02, 2025 1:17:58 לפנה״צ Service.ShopService getShopInfo
INFO: Shop info retrieved: MyShop by user: eyJhbGciOiJIUzI1NiJ9.eyJzdWIiOiIwIiwiZXhwIjoxNzQ2MjI0Mjc4LCJpYXQiOjE3NDYxMzc4Nzh9.IuHx5UNce3jyeBz4DLitz9Vpzw_dJnn33KSCx5tA_Z4
מאי 02, 2025 1:17:58 לפנה״צ Service.ShopService removeItemFromShop
INFO: Item removed from shop: 0 in shop: MyShop by user: 0
]]></system-err>
  </testcase>
  <testcase name="successfulUserLogin" classname="Tests.AccepanceTests" time="0.001">
    <system-err><![CDATA[מאי 02, 2025 1:17:58 לפנה״צ Service.UserService enterToSystem
INFO: User entered the system
מאי 02, 2025 1:17:58 לפנה״צ Service.UserService loginUser
INFO: User logged in successfully with session token: eyJhbGciOiJIUzI1NiJ9.eyJzdWIiOiIwIiwiZXhwIjoxNzQ2MjI0Mjc4LCJpYXQiOjE3NDYxMzc4Nzh9.-F538KCgHolmCEQzkTEV_8k9JGCztLCXsawf_p5-VbE
]]></system-err>
  </testcase>
  <testcase name="addItemToANonExistentShop" classname="Tests.AccepanceTests" time="0.001">
    <system-err><![CDATA[מאי 02, 2025 1:17:58 לפנה״צ Service.UserService enterToSystem
INFO: User entered the system
מאי 02, 2025 1:17:58 לפנה״צ Service.UserService loginUser
INFO: User logged in successfully with session token: eyJhbGciOiJIUzI1NiJ9.eyJzdWIiOiIwIiwiZXhwIjoxNzQ2MjI0Mjc4LCJpYXQiOjE3NDYxMzc4Nzh9.wxI_k-QmQKzOJaSUiwEdD63MNILRLlDuhYO4MEPRetg
מאי 02, 2025 1:17:58 לפנה״צ Service.ShopService addItemToShop
SEVERE: Error adding item to shop: Shop with ID 0 does not exist.
]]></system-err>
  </testcase>
  <testcase name="addItemToShop" classname="Tests.AccepanceTests" time="0.001">
    <system-err><![CDATA[מאי 02, 2025 1:17:58 לפנה״צ Service.UserService enterToSystem
INFO: User entered the system
מאי 02, 2025 1:17:58 לפנה״צ Service.UserService loginUser
INFO: User logged in successfully with session token: eyJhbGciOiJIUzI1NiJ9.eyJzdWIiOiIwIiwiZXhwIjoxNzQ2MjI0Mjc4LCJpYXQiOjE3NDYxMzc4Nzh9.-2zXUNIA7LI_odvHErBXkwamvGDgIxmEYl3sok5mYMo
מאי 02, 2025 1:17:58 לפנה״צ Service.ShopService createShop
INFO: Shop created: MyShop by user: 0
מאי 02, 2025 1:17:58 לפנה״צ Service.ShopService addItemToShop
INFO: Item added to shop: Apple in shop: MyShop by user: 0
מאי 02, 2025 1:17:58 לפנה״צ Service.ShopService getShopInfo
INFO: Shop info retrieved: MyShop by user: eyJhbGciOiJIUzI1NiJ9.eyJzdWIiOiIwIiwiZXhwIjoxNzQ2MjI0Mjc4LCJpYXQiOjE3NDYxMzc4Nzh9.-2zXUNIA7LI_odvHErBXkwamvGDgIxmEYl3sok5mYMo
]]></system-err>
  </testcase>
  <testcase name="editPurchasePolicyNotLoggedIn" classname="Tests.AccepanceTests" time="0.0">
    <system-err><![CDATA[מאי 02, 2025 1:17:58 לפנה״צ Service.ShopService updatePurchaseType
SEVERE: Error updating purchase type: Invalid compact JWT string: Compact JWSs must contain exactly 2 period characters, and compact JWEs must contain exactly 4.  Found: 0
]]></system-err>
  </testcase>
  <testcase name="removeManagerTest" classname="Tests.AccepanceTests" time="0.003">
    <system-err><![CDATA[מאי 02, 2025 1:17:58 לפנה״צ Service.UserService enterToSystem
INFO: User entered the system
מאי 02, 2025 1:17:58 לפנה״צ Service.UserService loginUser
INFO: User logged in successfully with session token: eyJhbGciOiJIUzI1NiJ9.eyJzdWIiOiIwIiwiZXhwIjoxNzQ2MjI0Mjc4LCJpYXQiOjE3NDYxMzc4Nzh9.9E3UQyJzKR3oxDickq6PcTgIiIhoF9LJvPzdOzJ4tKw
מאי 02, 2025 1:17:58 לפנה״צ Service.ShopService createShop
INFO: Shop created: MyShop by user: 0
מאי 02, 2025 1:17:58 לפנה״צ Service.ShopService addItemToShop
INFO: Item added to shop: Apple in shop: MyShop by user: 0
מאי 02, 2025 1:17:58 לפנה״צ Service.ShopService addItemToShop
INFO: Item added to shop: Banana in shop: MyShop by user: 0
מאי 02, 2025 1:17:58 לפנה״צ Service.ShopService addItemToShop
INFO: Item added to shop: Laptop in shop: MyShop by user: 0
מאי 02, 2025 1:17:58 לפנה״צ Service.ShopService getShopInfo
INFO: Shop info retrieved: MyShop by user: eyJhbGciOiJIUzI1NiJ9.eyJzdWIiOiIwIiwiZXhwIjoxNzQ2MjI0Mjc4LCJpYXQiOjE3NDYxMzc4Nzh9.9E3UQyJzKR3oxDickq6PcTgIiIhoF9LJvPzdOzJ4tKw
מאי 02, 2025 1:17:58 לפנה״צ Service.ShopService changeItemQuantityInShop
INFO: Item quantity changed in shop: 0 in shop: MyShop by user: 0
מאי 02, 2025 1:17:58 לפנה״צ Service.ShopService changeItemQuantityInShop
INFO: Item quantity changed in shop: 1 in shop: MyShop by user: 0
מאי 02, 2025 1:17:58 לפנה״צ Service.ShopService changeItemQuantityInShop
INFO: Item quantity changed in shop: 2 in shop: MyShop by user: 0
מאי 02, 2025 1:17:58 לפנה״צ Service.ShopService getShopInfo
INFO: Shop info retrieved: MyShop by user: eyJhbGciOiJIUzI1NiJ9.eyJzdWIiOiIwIiwiZXhwIjoxNzQ2MjI0Mjc4LCJpYXQiOjE3NDYxMzc4Nzh9.9E3UQyJzKR3oxDickq6PcTgIiIhoF9LJvPzdOzJ4tKw
מאי 02, 2025 1:17:58 לפנה״צ Service.UserService enterToSystem
INFO: User entered the system
מאי 02, 2025 1:17:58 לפנה״צ Service.UserService loginUser
INFO: User logged in successfully with session token: eyJhbGciOiJIUzI1NiJ9.eyJzdWIiOiIxIiwiZXhwIjoxNzQ2MjI0Mjc4LCJpYXQiOjE3NDYxMzc4Nzh9.n62kkYvu0gdBQnquUuspOEblUxA767M2EIWhBJbZiIA
מאי 02, 2025 1:17:58 לפנה״צ Service.ShopService addShopManager
INFO: Shop manager added: manager in shop: MyShop by user: 0
מאי 02, 2025 1:17:58 לפנה״צ Service.UserService enterToSystem
INFO: User entered the system
מאי 02, 2025 1:17:58 לפנה״צ Service.UserService loginUser
INFO: User logged in successfully with session token: eyJhbGciOiJIUzI1NiJ9.eyJzdWIiOiIyIiwiZXhwIjoxNzQ2MjI0Mjc4LCJpYXQiOjE3NDYxMzc4Nzh9.GUCNHQANJMeECPdTaCsMxn6i1lQkcwGxQcFAwAkCJW0
מאי 02, 2025 1:17:58 לפנה״צ Service.ShopService addShopManager
SEVERE: Error adding shop manager: User has no role in ShopId: 0
]]></system-err>
  </testcase>
  <testcase name="successfulGuestLogin" classname="Tests.AccepanceTests" time="0.001">
    <system-err><![CDATA[מאי 02, 2025 1:17:58 לפנה״צ Service.UserService enterToSystem
INFO: User entered the system
מאי 02, 2025 1:17:58 לפנה״צ Service.OrderService checkCartContent
INFO: All items were listed successfully
]]></system-err>
  </testcase>
  <testcase name="openShopTest" classname="Tests.AccepanceTests" time="0.001">
    <system-err><![CDATA[מאי 02, 2025 1:17:58 לפנה״צ Service.UserService enterToSystem
INFO: User entered the system
מאי 02, 2025 1:17:58 לפנה״צ Service.UserService loginUser
INFO: User logged in successfully with session token: eyJhbGciOiJIUzI1NiJ9.eyJzdWIiOiIwIiwiZXhwIjoxNzQ2MjI0Mjc4LCJpYXQiOjE3NDYxMzc4Nzh9.Lh9pVkAGOergLbyS2mQMjlOPMmqkNkUE3bg82rsLxBY
מאי 02, 2025 1:17:58 לפנה״צ Service.ShopService createShop
INFO: Shop created: MyShop by user: 0
]]></system-err>
  </testcase>
</testsuite>