<?xml version="1.0" encoding="UTF-8"?>
<testsuite xmlns:xsi="http://www.w3.org/2001/XMLSchema-instance" xsi:noNamespaceSchemaLocation="https://maven.apache.org/surefire/maven-surefire-plugin/xsd/surefire-test-report-3.0.xsd" version="3.0" name="Tests.BasketTest" time="0.001" tests="5" errors="0" skipped="0" failures="0">
  <properties>
[...]
</properties>
  <testcase name="testGetItems" classname="Tests.BasketTest" time="0.0"/>
  <testcase name="testAddItem" classname="Tests.BasketTest" time="0.0"/>
  <testcase name="testIsItemIn" classname="Tests.BasketTest" time="0.0"/>
  <testcase name="testRemoveItem" classname="Tests.BasketTest" time="0.0"/>
  <testcase name="testGetShopID" classname="Tests.BasketTest" time="0.0"/>
</testsuite>