<?xml version="1.0" encoding="UTF-8"?>
<testsuite xmlns:xsi="http://www.w3.org/2001/XMLSchema-instance" xsi:noNamespaceSchemaLocation="https://maven.apache.org/surefire/maven-surefire-plugin/xsd/surefire-test-report.xsd" name="Tests.ManagerTest" time="0.007" tests="6" errors="0" skipped="0" failures="0">
  <properties>
[...]
</properties>
  <testcase name="testRemovePermission" classname="Tests.ManagerTest" time="0.003"/>
  <testcase name="testRemoveNonExistentPermission" classname="Tests.ManagerTest" time="0"/>
  <testcase name="testAddPermission" classname="Tests.ManagerTest" time="0"/>
  <testcase name="testHasNoPermission" classname="Tests.ManagerTest" time="0"/>
  <testcase name="testAddDuplicatePermission" classname="Tests.ManagerTest" time="0"/>
  <testcase name="testHasPermission" classname="Tests.ManagerTest" time="0"/>
</testsuite>