<?xml version="1.0" encoding="UTF-8"?>
<testsuite xmlns:xsi="http://www.w3.org/2001/XMLSchema-instance" xsi:noNamespaceSchemaLocation="https://maven.apache.org/surefire/maven-surefire-plugin/xsd/surefire-test-report.xsd" name="Tests.AccepanceTests" time="24.71" tests="62" errors="0" skipped="0" failures="0">
  <properties>
[...]
</properties>
  <testcase name="userLacksPermission" classname="Tests.AccepanceTests" time="2.84"/>
  <testcase name="failedGuestRegister" classname="Tests.AccepanceTests" time="0.191"/>
  <testcase name="concurrentRemoveAndPurchase" classname="Tests.AccepanceTests" time="1.844"/>
  <testcase name="successfulEditProduct" classname="Tests.AccepanceTests" time="0.315"/>
  <testcase name="removeAllApointeesTest" classname="Tests.AccepanceTests" time="0.742"/>
  <testcase name="userLacksPermissionOnPurchasePolicy" classname="Tests.AccepanceTests" time="0.308"/>
  <testcase name="rateShopNotLoggedInTest" classname="Tests.AccepanceTests" time="0.166"/>
  <testcase name="nameWrongUserLogin" classname="Tests.AccepanceTests" time="0.08"/>
  <testcase name="addItemToBasketTest" classname="Tests.AccepanceTests" time="0.186"/>
  <testcase name="concurrentSingleStockCartPurchaseTest" classname="Tests.AccepanceTests" time="0.567"/>
  <testcase name="successfulShopClosing" classname="Tests.AccepanceTests" time="0.195"/>
  <testcase name="removeNonExistentItemFromShop" classname="Tests.AccepanceTests" time="0.176"/>
  <testcase name="submitCounterBidTest" classname="Tests.AccepanceTests" time="0.35"/>
  <testcase name="removeItemFromShopAsNonOwner" classname="Tests.AccepanceTests" time="0.339"/>
  <testcase name="BuyCartContentTest_paymentFails" classname="Tests.AccepanceTests" time="0.344"/>
  <testcase name="viewShopNotLoggedIn" classname="Tests.AccepanceTests" time="0.174"/>
  <testcase name="editItemInShop" classname="Tests.AccepanceTests" time="0.169"/>
  <testcase name="closingClosedShop" classname="Tests.AccepanceTests" time="0.168"/>
  <testcase name="emptySearchResults" classname="Tests.AccepanceTests" time="0.158"/>
  <testcase name="concurrentManagerAppointment" classname="Tests.AccepanceTests" time="2.415"/>
  <testcase name="BuyCartContentTest_shipmentFails" classname="Tests.AccepanceTests" time="0.324"/>
  <testcase name="getShopsAndItems" classname="Tests.AccepanceTests" time="0.17"/>
  <testcase name="setManagerPermissionsTest" classname="Tests.AccepanceTests" time="0.32"/>
  <testcase name="sendMessageToShopTest" classname="Tests.AccepanceTests" time="0.321"/>
  <testcase name="submitBidOfferTest" classname="Tests.AccepanceTests" time="0.316"/>
  <testcase name="itemUnavailableForPurchaseTest" classname="Tests.AccepanceTests" time="0.301"/>
  <testcase name="changeCartContentTest" classname="Tests.AccepanceTests" time="0.148"/>
  <testcase name="editItemInShopAsNonOwner" classname="Tests.AccepanceTests" time="0.306"/>
  <testcase name="answerBidAndPurchaseBidItemTest" classname="Tests.AccepanceTests" time="0.307"/>
  <testcase name="editProductUserLacksPermission" classname="Tests.AccepanceTests" time="0.281"/>
  <testcase name="rateShopTest" classname="Tests.AccepanceTests" time="0.27"/>
  <testcase name="invalidPurchasePolicyFormat" classname="Tests.AccepanceTests" time="0.313"/>
  <testcase name="concurrentPurchaseSameItem" classname="Tests.AccepanceTests" time="1.635"/>
  <testcase name="invalidShopCreationTest" classname="Tests.AccepanceTests" time="0.003"/>
  <testcase name="addDuplicateItemToShop" classname="Tests.AccepanceTests" time="0.154"/>
  <testcase name="searchItemsWithFilters" classname="Tests.AccepanceTests" time="0.166"/>
  <testcase name="passwordWrongUserLogin" classname="Tests.AccepanceTests" time="0.173"/>
  <testcase name="shopNotFound" classname="Tests.AccepanceTests" time="0.002"/>
  <testcase name="successfulGuestExit" classname="Tests.AccepanceTests" time="0.004"/>
  <testcase name="invalidEditItemInShop" classname="Tests.AccepanceTests" time="0.173"/>
  <testcase name="appointTwiceFail" classname="Tests.AccepanceTests" time="0.477"/>
  <testcase name="addShopManagerTest" classname="Tests.AccepanceTests" time="0.297"/>
  <testcase name="concurrentRegisterSameUsername2" classname="Tests.AccepanceTests" time="3.251"/>
  <testcase name="searchItemsWithoutFilters" classname="Tests.AccepanceTests" time="0.157"/>
  <testcase name="userRegisterUnauthorized" classname="Tests.AccepanceTests" time="0.158"/>
  <testcase name="checkCartContentTest" classname="Tests.AccepanceTests" time="0.154"/>
  <testcase name="addItemToShopAsNonOwner" classname="Tests.AccepanceTests" time="0.358"/>
  <testcase name="successfulBuyCartContentTest" classname="Tests.AccepanceTests" time="0.319"/>
  <testcase name="LogoutTest" classname="Tests.AccepanceTests" time="0.152"/>
  <testcase name="successfulGuestRegister" classname="Tests.AccepanceTests" time="0.147"/>
  <testcase name="editProductNotLoggedIn" classname="Tests.AccepanceTests" time="0.001"/>
  <testcase name="successfulViewShopContent" classname="Tests.AccepanceTests" time="0.288"/>
  <testcase name="productNotFound" classname="Tests.AccepanceTests" time="0.162"/>
  <testcase name="searchItemsInSpecificShop" classname="Tests.AccepanceTests" time="0.16"/>
  <testcase name="removeItemsFromShop" classname="Tests.AccepanceTests" time="0.152"/>
  <testcase name="successfulUserLogin" classname="Tests.AccepanceTests" time="0.147"/>
  <testcase name="addItemToANonExistentShop" classname="Tests.AccepanceTests" time="0.145"/>
  <testcase name="addItemToShop" classname="Tests.AccepanceTests" time="0.146"/>
  <testcase name="editPurchasePolicyNotLoggedIn" classname="Tests.AccepanceTests" time="0.001"/>
  <testcase name="removeManagerTest" classname="Tests.AccepanceTests" time="0.444"/>
  <testcase name="successfulGuestLogin" classname="Tests.AccepanceTests" time="0.002"/>
  <testcase name="openShopTest" classname="Tests.AccepanceTests" time="0.151"/>
</testsuite>